<<<<<<< HEAD
2021-05-17 17:57:29,045 main WARN Unable to instantiate org.fusesource.jansi.WindowsAnsiOutputStream
2021-05-17 17:57:29,048 main WARN Unable to instantiate org.fusesource.jansi.WindowsAnsiOutputStream

   ______               __
  / ____/     _________/ /___ _
 / /     __  / ___/ __  / __ `/         Regular naps prevent old age, especially
/ /___  /_/ / /  / /_/ / /_/ /          if you take them whilst driving.
=======
2021-05-17 17:53:23,025 main WARN Unable to instantiate org.fusesource.jansi.WindowsAnsiOutputStream
2021-05-17 17:53:23,027 main WARN Unable to instantiate org.fusesource.jansi.WindowsAnsiOutputStream

   ______               __
  / ____/     _________/ /___ _
 / /     __  / ___/ __  / __ `/         The good thing about lending out your time machine
/ /___  /_/ / /  / /_/ / /_/ /          is that you basically get it back immediately.
>>>>>>> 7737d78b9415523f95c6bc999abc1fddc9e28ce9
\____/     /_/   \__,_/\__,_/

--- Corda Open Source 4.1 (c11f6c1) -------------------------------------------------------------


<<<<<<< HEAD
Logs can be found in                    : C:\Dev\projects\blockchain\docchain\build\nodes\PartyA\logs
=======
Logs can be found in                    : C:\Users\joes\Develop\docchain\build\nodes\PartyA\logs
>>>>>>> 7737d78b9415523f95c6bc999abc1fddc9e28ce9
