<<<<<<< HEAD
2021-05-17 17:57:39,858 main WARN Unable to instantiate org.fusesource.jansi.WindowsAnsiOutputStream
2021-05-17 17:57:39,867 main WARN Unable to instantiate org.fusesource.jansi.WindowsAnsiOutputStream

   ______               __
  / ____/     _________/ /___ _
 / /     __  / ___/ __  / __ `/         Whenever I go near my bank
/ /___  /_/ / /  / /_/ / /_/ /          I get withdrawal symptoms 
=======
2021-05-17 17:53:19,750 main WARN Unable to instantiate org.fusesource.jansi.WindowsAnsiOutputStream
2021-05-17 17:53:19,753 main WARN Unable to instantiate org.fusesource.jansi.WindowsAnsiOutputStream

   ______               __
  / ____/     _________/ /___ _
 / /     __  / ___/ __  / __ `/         When I discovered my toaster wasn't
/ /___  /_/ / /  / /_/ / /_/ /          waterproof, I was shocked.
>>>>>>> 7737d78b9415523f95c6bc999abc1fddc9e28ce9
\____/     /_/   \__,_/\__,_/

--- Corda Open Source 4.1 (c11f6c1) -------------------------------------------------------------


<<<<<<< HEAD
Logs can be found in                    : C:\Dev\projects\blockchain\docchain\build\nodes\PartyC\logs
=======
Logs can be found in                    : C:\Users\joes\Develop\docchain\build\nodes\PartyC\logs
>>>>>>> 7737d78b9415523f95c6bc999abc1fddc9e28ce9
