<<<<<<< HEAD
2021-05-17 17:57:39,227 main WARN Unable to instantiate org.fusesource.jansi.WindowsAnsiOutputStream
2021-05-17 17:57:39,236 main WARN Unable to instantiate org.fusesource.jansi.WindowsAnsiOutputStream

   ______               __
  / ____/     _________/ /___ _
 / /     __  / ___/ __  / __ `/         What did the fish say
/ /___  /_/ / /  / /_/ / /_/ /          when he hit a wall? Dam.
=======
2021-05-17 17:53:40,749 main WARN Unable to instantiate org.fusesource.jansi.WindowsAnsiOutputStream
2021-05-17 17:53:40,751 main WARN Unable to instantiate org.fusesource.jansi.WindowsAnsiOutputStream

   ______               __
  / ____/     _________/ /___ _
 / /     __  / ___/ __  / __ `/         I used to work in a shoe recycling
/ /___  /_/ / /  / /_/ / /_/ /          shop. It was sole destroying.
>>>>>>> 7737d78b9415523f95c6bc999abc1fddc9e28ce9
\____/     /_/   \__,_/\__,_/

--- Corda Open Source 4.1 (c11f6c1) -------------------------------------------------------------


<<<<<<< HEAD
Logs can be found in                    : C:\Dev\projects\blockchain\docchain\build\nodes\Notary\logs
=======
Logs can be found in                    : C:\Users\joes\Develop\docchain\build\nodes\Notary\logs
>>>>>>> 7737d78b9415523f95c6bc999abc1fddc9e28ce9
