[INFO ] 2021-05-17T20:57:22,294Z [main] cliutils.CliWrapperBase.call - Application Args: generate-node-info
[INFO ] 2021-05-17T20:57:26,438Z [main] manifests.Manifests.info - 116 attributes loaded from 153 stream(s) in 812ms, 116 saved, 2418 ignored: ["ActiveMQ-Version", "Agent-Class", "Ant-Version", "Application-Class", "Application-ID", "Application-Library-Allowable-Codebase", "Application-Name", "Application-Version", "Archiver-Version", "Automatic-Module-Name", "Bnd-LastModified", "Branch", "Build-Date", "Build-Host", "Build-Id", "Build-Java-Version", "Build-Jdk", "Build-Job", "Build-Number", "Build-Timestamp", "Built-By", "Built-OS", "Built-Status", "Bundle-Activator", "Bundle-Category", "Bundle-ClassPath", "Bundle-Copyright", "Bundle-Description", "Bundle-DocURL", "Bundle-License", "Bundle-ManifestVersion", "Bundle-Name", "Bundle-NativeCode", "Bundle-RequiredExecutionEnvironment", "Bundle-SymbolicName", "Bundle-Vendor", "Bundle-Version", "Caller-Allowable-Codebase", "Can-Redefine-Classes", "Can-Retransform-Classes", "Can-Set-Native-Method-Prefix", "Caplets", "Change", "Class-Path", "Codebase", "Corda-Platform-Version", "Corda-Release-Version", "Corda-Revision", "Corda-Vendor", "Created-By", "DynamicImport-Package", "Eclipse-BuddyPolicy", "Eclipse-LazyStart", "Export-Package", "Extension-Name", "Fragment-Host", "Gradle-Version", "Hibernate-JpaVersion", "Hibernate-VersionFamily", "Implementation-Build", "Implementation-Build-Date", "Implementation-Title", "Implementation-URL", "Implementation-Url", "Implementation-Vendor", "Implementation-Vendor-Id", "Implementation-Version", "Import-Package", "Include-Resource", "JCabi-Build", "JCabi-Date", "JCabi-Version", "JVM-Args", "Java-Agents", "Java-Vendor", "Java-Version", "Kotlin-Runtime-Component", "Kotlin-Version", "Liquibase-Package", "Log4jReleaseKey", "Log4jReleaseManager", "Log4jReleaseVersion", "Main-Class", "Main-class", "Manifest-Version", "Min-Java-Version", "Min-Update-Version", "Module-Email", "Module-Origin", "Module-Owner", "Module-Source", "Multi-Release", "Originally-Created-By", "Os-Arch", "Os-Name", "Os-Version", "Package", "Permissions", "Premain-Class", "Private-Package", "Provide-Capability", "Require-Capability", "SCM-Revision", "SCM-url", "Scm-Connection", "Scm-Revision", "Scm-Url", "Service-Component", "Specification-Title", "Specification-Vendor", "Specification-Version", "System-Properties", "Tool", "Trusted-Library", "X-Compile-Source-JDK", "X-Compile-Target-JDK"]
[INFO ] 2021-05-17T20:57:26,711Z [main] BasicInfo.printBasicNodeInfo - Logs can be found in                    : C:\Dev\projects\blockchain\docchain\build\nodes\PartyB\logs
[INFO ] 2021-05-17T20:57:29,719Z [main] subcommands.ValidateConfigurationCli.logRawConfig$node - Actual configuration:
{
    "additionalNodeInfoPollingFrequencyMsec" : 5000,
    "additionalP2PAddresses" : [],
    "attachmentCacheBound" : 1024,
    "baseDirectory" : "C:\\Dev\\projects\\blockchain\\docchain\\build\\nodes\\PartyB",
    "certificateChainCheckPolicies" : [],
    "cordappSignerKeyFingerprintBlacklist" : [
        "56CA54E803CB87C8472EBD3FBC6A2F1876E814CEEBF74860BD46997F40729367",
        "83088052AF16700457AE2C978A7D8AC38DD6A7C713539D00B897CD03A5E5D31D",
        "6F6696296C3F58B55FB6CA865A025A3A6CC27AD17C4AFABA1E8EF062E0A82739"
    ],
    "crlCheckSoftFail" : true,
    "dataSourceProperties" : "*****",
    "database" : {
        "exportHibernateJMXStatistics" : false,
        "initialiseAppSchema" : "UPDATE",
        "initialiseSchema" : true,
        "mappedSchemaCacheSize" : 100,
        "transactionIsolationLevel" : "REPEATABLE_READ"
    },
    "detectPublicIp" : false,
    "devMode" : true,
    "emailAddress" : "admin@company.com",
    "extraNetworkMapKeys" : [],
    "flowMonitorPeriodMillis" : {
        "nanos" : 0,
        "seconds" : 60
    },
    "flowMonitorSuspensionLoggingThresholdMillis" : {
        "nanos" : 0,
        "seconds" : 60
    },
    "flowTimeout" : {
        "backoffBase" : 1.8,
        "maxRestartCount" : 6,
        "timeout" : {
            "nanos" : 0,
            "seconds" : 30
        }
    },
    "jarDirs" : [],
    "jmxReporterType" : "JOLOKIA",
    "keyStorePassword" : "*****",
    "lazyBridgeStart" : true,
    "myLegalName" : "CN=PartyB,O=PartyB,L=Boston,C=US",
    "noLocalShell" : false,
    "p2pAddress" : "127.0.0.1:10008",
    "rpcSettings" : {
        "address" : "127.0.0.1:10009",
        "adminAddress" : "127.0.0.1:10049",
        "standAloneBroker" : false,
        "useSsl" : false
    },
    "rpcUsers" : [],
    "security" : {
        "authService" : {
            "dataSource" : {
                "passwordEncryption" : "NONE",
                "type" : "INMEMORY",
                "users" : [
                    {
                        "ignoresFallbacks" : false,
                        "resolved" : true,
                        "value" : {
                            "loadFactor" : 0.75,
                            "modCount" : 3,
                            "size" : 3,
                            "table" : {},
                            "threshold" : 3
                        }
                    }
                ]
            }
        }
    },
    "trustStorePassword" : "*****",
    "useTestClock" : false,
    "verifierType" : "InMemory"
}

[INFO ] 2021-05-17T20:57:29,834Z [main] internal.Node.logStartupInfo - Vendor: Corda Open Source
[INFO ] 2021-05-17T20:57:29,834Z [main] internal.Node.logStartupInfo - Release: 4.1
[INFO ] 2021-05-17T20:57:29,834Z [main] internal.Node.logStartupInfo - Platform Version: 4
[INFO ] 2021-05-17T20:57:29,834Z [main] internal.Node.logStartupInfo - Revision: c11f6c15f71ac47b715e8e1b56ff5159b3730bdc
[INFO ] 2021-05-17T20:57:29,836Z [main] internal.Node.logStartupInfo - PID: 92852
[INFO ] 2021-05-17T20:57:29,836Z [main] internal.Node.logStartupInfo - Main class: /C:/Dev/projects/blockchain/docchain/build/nodes/.cache/apps/net.corda.node.Corda_4.1/corda-node-4.1.jar
[INFO ] 2021-05-17T20:57:29,837Z [main] internal.Node.logStartupInfo - CommandLine Args: -Xmx512m -XX:+UseG1GC -javaagent:C:\Dev\projects\blockchain\docchain\build\nodes\PartyB\corda.jar -javaagent:C:\Dev\projects\blockchain\docchain\build\nodes\.cache\apps\net.corda.node.Corda_4.1\quasar-core-0.7.10-jdk8.jar=x(antlr**;bftsmart**;co.paralleluniverse**;com.codahale**;com.esotericsoftware**;com.fasterxml**;com.google**;com.ibm**;com.intellij**;com.jcabi**;com.nhaarman**;com.opengamma**;com.typesafe**;com.zaxxer**;de.javakaffee**;groovy**;groovyjarjarantlr**;groovyjarjarasm**;io.atomix**;io.github**;io.netty**;jdk**;junit**;kotlin**;net.bytebuddy**;net.i2p**;org.apache**;org.assertj**;org.bouncycastle**;org.codehaus**;org.crsh**;org.dom4j**;org.fusesource**;org.h2**;org.hamcrest**;org.hibernate**;org.jboss**;org.jcp**;org.joda**;org.junit**;org.mockito**;org.objectweb**;org.objenesis**;org.slf4j**;org.w3c**;org.xml**;org.yaml**;reflectasm**;rx**;org.jolokia**;com.lmax**;picocli**;liquibase**;com.github.benmanes**;org.json**;org.postgresql**;nonapi.io.github.classgraph**) -Dcapsule.address=0.0.0.0 -Dvisualvm.display.name=Corda -Djava.library.path=C:\Program Files\Java\jdk1.8.0_291\bin;C:\WINDOWS\Sun\Java\bin;C:\WINDOWS\system32;C:\WINDOWS;C:\Program Files (x86)\Common Files\Oracle\Java\javapath;C:\Program Files\Common Files\Oracle\Java\javapath;C:\WINDOWS\system32;C:\WINDOWS;C:\WINDOWS\System32\Wbem;C:\WINDOWS\System32\WindowsPowerShell\v1.0;C:\WINDOWS\System32\OpenSSH;C:\Program Files (x86)\Plantronics\Spokes3G;C:\ProgramData\chocolatey\bin;C:\Program Files\nodejs;C:\Program Files\Docker\Docker\resources\bin;C:\ProgramData\DockerDesktop\version-bin;C:\Program Files\Git\cmd;C:\Program Files\PuTTY;C:\Users\armu\AppData\Local\Microsoft\WindowsApps;C:\Program Files\JetBrains\IntelliJ IDEA 2020.2.3\bin;C:\Users\armu\AppData\Local\Programs\Microsoft VS Code\bin;C:\Users\armu\AppData\Roaming\npm;C:\Dev\projects\blockchain\docchain\build\nodes\.cache\apps\net.corda.node.Corda_4.1 -Dcapsule.log=1 -Dcapsule.app=net.corda.node.Corda_4.1 -Dcapsule.port=56791 -Dcapsule.dir=C:\Dev\projects\blockchain\docchain\build\nodes\.cache\apps\net.corda.node.Corda_4.1 -Dcapsule.jar=C:\Dev\projects\blockchain\docchain\build\nodes\PartyB\corda.jar
[INFO ] 2021-05-17T20:57:29,837Z [main] internal.Node.logStartupInfo - bootclasspath: C:\Program Files\Java\jdk1.8.0_291\jre\lib\resources.jar;C:\Program Files\Java\jdk1.8.0_291\jre\lib\rt.jar;C:\Program Files\Java\jdk1.8.0_291\jre\lib\sunrsasign.jar;C:\Program Files\Java\jdk1.8.0_291\jre\lib\jsse.jar;C:\Program Files\Java\jdk1.8.0_291\jre\lib\jce.jar;C:\Program Files\Java\jdk1.8.0_291\jre\lib\charsets.jar;C:\Program Files\Java\jdk1.8.0_291\jre\lib\jfr.jar;C:\Program Files\Java\jdk1.8.0_291\jre\classes
[INFO ] 2021-05-17T20:57:29,837Z [main] internal.Node.logStartupInfo - classpath: C:\Dev\projects\blockchain\docchain\build\nodes\PartyB\corda.jar;C:\Dev\projects\blockchain\docchain\build\nodes\.cache\apps\net.corda.node.Corda_4.1\corda-shell-4.1.jar;C:\Dev\projects\blockchain\docchain\build\nodes\.cache\apps\net.corda.node.Corda_4.1\corda-rpc-4.1.jar;C:\Dev\projects\blockchain\docchain\build\nodes\.cache\apps\net.corda.node.Corda_4.1\corda-node-api-4.1.jar;C:\Dev\projects\blockchain\docchain\build\nodes\.cache\apps\net.corda.node.Corda_4.1\corda-tools-cliutils-4.1.jar;C:\Dev\projects\blockchain\docchain\build\nodes\.cache\apps\net.corda.node.Corda_4.1\corda-common-configuration-parsing-4.1.jar;C:\Dev\projects\blockchain\docchain\build\nodes\.cache\apps\net.corda.node.Corda_4.1\corda-common-validation-4.1.jar;C:\Dev\projects\blockchain\docchain\build\nodes\.cache\apps\net.corda.node.Corda_4.1\corda-common-logging-4.1.jar;C:\Dev\projects\blockchain\docchain\build\nodes\.cache\apps\net.corda.node.Corda_4.1\corda-confidential-identities-4.1.jar;C:\Dev\projects\blockchain\docchain\build\nodes\.cache\apps\net.corda.node.Corda_4.1\log4j-slf4j-impl-2.9.1.jar;C:\Dev\projects\blockchain\docchain\build\nodes\.cache\apps\net.corda.node.Corda_4.1\log4j-web-2.9.1.jar;C:\Dev\projects\blockchain\docchain\build\nodes\.cache\apps\net.corda.node.Corda_4.1\jul-to-slf4j-1.7.25.jar;C:\Dev\projects\blockchain\docchain\build\nodes\.cache\apps\net.corda.node.Corda_4.1\corda-jackson-4.1.jar;C:\Dev\projects\blockchain\docchain\build\nodes\.cache\apps\net.corda.node.Corda_4.1\corda-serialization-4.1.jar;C:\Dev\projects\blockchain\docchain\build\nodes\.cache\apps\net.corda.node.Corda_4.1\corda-core-4.1.jar;C:\Dev\projects\blockchain\docchain\build\nodes\.cache\apps\net.corda.node.Corda_4.1\kotlin-stdlib-jdk8-1.2.71.jar;C:\Dev\projects\blockchain\docchain\build\nodes\.cache\apps\net.corda.node.Corda_4.1\jackson-module-kotlin-2.9.5.jar;C:\Dev\projects\blockchain\docchain\build\nodes\.cache\apps\net.corda.node.Corda_4.1\kotlin-reflect-1.2.71.jar;C:\Dev\projects\blockchain\docchain\build\nodes\.cache\apps\net.corda.node.Corda_4.1\quasar-core-0.7.10-jdk8.jar;C:\Dev\projects\blockchain\docchain\build\nodes\.cache\apps\net.corda.node.Corda_4.1\kryo-serializers-0.42.jar;C:\Dev\projects\blockchain\docchain\build\nodes\.cache\apps\net.corda.node.Corda_4.1\kryo-4.0.0.jar;C:\Dev\projects\blockchain\docchain\build\nodes\.cache\apps\net.corda.node.Corda_4.1\jimfs-1.1.jar;C:\Dev\projects\blockchain\docchain\build\nodes\.cache\apps\net.corda.node.Corda_4.1\metrics-new-relic-1.1.1.jar;C:\Dev\projects\blockchain\docchain\build\nodes\.cache\apps\net.corda.node.Corda_4.1\guava-25.1-jre.jar;C:\Dev\projects\blockchain\docchain\build\nodes\.cache\apps\net.corda.node.Corda_4.1\caffeine-2.6.2.jar;C:\Dev\projects\blockchain\docchain\build\nodes\.cache\apps\net.corda.node.Corda_4.1\disruptor-3.4.2.jar;C:\Dev\projects\blockchain\docchain\build\nodes\.cache\apps\net.corda.node.Corda_4.1\commons-collections4-4.1.jar;C:\Dev\projects\blockchain\docchain\build\nodes\.cache\apps\net.corda.node.Corda_4.1\artemis-amqp-protocol-2.6.2.jar;C:\Dev\projects\blockchain\docchain\build\nodes\.cache\apps\net.corda.node.Corda_4.1\artemis-server-2.6.2.jar;C:\Dev\projects\blockchain\docchain\build\nodes\.cache\apps\net.corda.node.Corda_4.1\artemis-jms-client-2.6.2.jar;C:\Dev\projects\blockchain\docchain\build\nodes\.cache\apps\net.corda.node.Corda_4.1\artemis-jdbc-store-2.6.2.jar;C:\Dev\projects\blockchain\docchain\build\nodes\.cache\apps\net.corda.node.Corda_4.1\artemis-core-client-2.6.2.jar;C:\Dev\projects\blockchain\docchain\build\nodes\.cache\apps\net.corda.node.Corda_4.1\artemis-journal-2.6.2.jar;C:\Dev\projects\blockchain\docchain\build\nodes\.cache\apps\net.corda.node.Corda_4.1\artemis-commons-2.6.2.jar;C:\Dev\projects\blockchain\docchain\build\nodes\.cache\apps\net.corda.node.Corda_4.1\shiro-core-1.4.0.jar;C:\Dev\projects\blockchain\docchain\build\nodes\.cache\apps\net.corda.node.Corda_4.1\shiro-config-ogdl-1.4.0.jar;C:\Dev\projects\blockchain\docchain\build\nodes\.cache\apps\net.corda.node.Corda_4.1\commons-beanutils-1.9.3.jar;C:\Dev\projects\blockchain\docchain\build\nodes\.cache\apps\net.corda.node.Corda_4.1\jcabi-manifests-1.1.jar;C:\Dev\projects\blockchain\docchain\build\nodes\.cache\apps\net.corda.node.Corda_4.1\forms_rt-7.0.3.jar;C:\Dev\projects\blockchain\docchain\build\nodes\.cache\apps\net.corda.node.Corda_4.1\metrics-core-3.2.5.jar;C:\Dev\projects\blockchain\docchain\build\nodes\.cache\apps\net.corda.node.Corda_4.1\config-1.3.3.jar;C:\Dev\projects\blockchain\docchain\build\nodes\.cache\apps\net.corda.node.Corda_4.1\h2-1.4.197.jar;C:\Dev\projects\blockchain\docchain\build\nodes\.cache\apps\net.corda.node.Corda_4.1\postgresql-42.2.5.jar;C:\Dev\projects\blockchain\docchain\build\nodes\.cache\apps\net.corda.node.Corda_4.1\HikariCP-2.5.1.jar;C:\Dev\projects\blockchain\docchain\build\nodes\.cache\apps\net.corda.node.Corda_4.1\hibernate-java8-5.3.6.Final.jar;C:\Dev\projects\blockchain\docchain\build\nodes\.cache\apps\net.corda.node.Corda_4.1\hibernate-core-5.3.6.Final.jar;C:\Dev\projects\blockchain\docchain\build\nodes\.cache\apps\net.corda.node.Corda_4.1\okhttp-3.5.0.jar;C:\Dev\projects\blockchain\docchain\build\nodes\.cache\apps\net.corda.node.Corda_4.1\picocli-3.8.0.jar;C:\Dev\projects\blockchain\docchain\build\nodes\.cache\apps\net.corda.node.Corda_4.1\ea-agent-loader-1.0.3.jar;C:\Dev\projects\blockchain\docchain\build\nodes\.cache\apps\net.corda.node.Corda_4.1\commons-codec-1.10.jar;C:\Dev\projects\blockchain\docchain\build\nodes\.cache\apps\net.corda.node.Corda_4.1\library-master-v1.1-beta-g6215ec8-87.jar;C:\Dev\projects\blockchain\docchain\build\nodes\.cache\apps\net.corda.node.Corda_4.1\copycat-client-1.2.3.jar;C:\Dev\projects\blockchain\docchain\build\nodes\.cache\apps\net.corda.node.Corda_4.1\copycat-server-1.2.3.jar;C:\Dev\projects\blockchain\docchain\build\nodes\.cache\apps\net.corda.node.Corda_4.1\catalyst-netty-1.1.2.jar;C:\Dev\projects\blockchain\docchain\build\nodes\.cache\apps\net.corda.node.Corda_4.1\jolokia-jvm-1.6.0-agent.jar;C:\Dev\projects\blockchain\docchain\build\nodes\.cache\apps\net.corda.node.Corda_4.1\kotlin-stdlib-jre8-1.2.71.jar;C:\Dev\projects\blockchain\docchain\build\nodes\.cache\apps\net.corda.node.Corda_4.1\commons-fileupload-1.3.3.jar;C:\Dev\projects\blockchain\docchain\build\nodes\.cache\apps\net.corda.node.Corda_4.1\proton-j-0.33.0.jar;C:\Dev\projects\blockchain\docchain\build\nodes\.cache\apps\net.corda.node.Corda_4.1\classgraph-4.6.12.jar;C:\Dev\projects\blockchain\docchain\build\nodes\.cache\apps\net.corda.node.Corda_4.1\liquibase-core-3.5.5.jar;C:\Dev\projects\blockchain\docchain\build\nodes\.cache\apps\net.corda.node.Corda_4.1\jackson-datatype-jsr310-2.9.5.jar;C:\Dev\projects\blockchain\docchain\build\nodes\.cache\apps\net.corda.node.Corda_4.1\jackson-databind-2.9.5.jar;C:\Dev\projects\blockchain\docchain\build\nodes\.cache\apps\net.corda.node.Corda_4.1\liquibase-slf4j-2.0.0.jar;C:\Dev\projects\blockchain\docchain\build\nodes\.cache\apps\net.corda.node.Corda_4.1\crash.connectors.ssh-810d2b774b85d4938be01b9b65e29e4fddbc450b.jar;C:\Dev\projects\blockchain\docchain\build\nodes\.cache\apps\net.corda.node.Corda_4.1\crash.shell-810d2b774b85d4938be01b9b65e29e4fddbc450b.jar;C:\Dev\projects\blockchain\docchain\build\nodes\.cache\apps\net.corda.node.Corda_4.1\jansi-1.14.jar;C:\Dev\projects\blockchain\docchain\build\nodes\.cache\apps\net.corda.node.Corda_4.1\log4j-core-2.9.1.jar;C:\Dev\projects\blockchain\docchain\build\nodes\.cache\apps\net.corda.node.Corda_4.1\commons-io-2.6.jar;C:\Dev\projects\blockchain\docchain\build\nodes\.cache\apps\net.corda.node.Corda_4.1\jcabi-log-0.14.jar;C:\Dev\projects\blockchain\docchain\build\nodes\.cache\apps\net.corda.node.Corda_4.1\shiro-cache-1.4.0.jar;C:\Dev\projects\blockchain\docchain\build\nodes\.cache\apps\net.corda.node.Corda_4.1\shiro-crypto-hash-1.4.0.jar;C:\Dev\projects\blockchain\docchain\build\nodes\.cache\apps\net.corda.node.Corda_4.1\shiro-crypto-cipher-1.4.0.jar;C:\Dev\projects\blockchain\docchain\build\nodes\.cache\apps\net.corda.node.Corda_4.1\shiro-config-core-1.4.0.jar;C:\Dev\projects\blockchain\docchain\build\nodes\.cache\apps\net.corda.node.Corda_4.1\shiro-event-1.4.0.jar;C:\Dev\projects\blockchain\docchain\build\nodes\.cache\apps\net.corda.node.Corda_4.1\shiro-crypto-core-1.4.0.jar;C:\Dev\projects\blockchain\docchain\build\nodes\.cache\apps\net.corda.node.Corda_4.1\shiro-lang-1.4.0.jar;C:\Dev\projects\blockchain\docchain\build\nodes\.cache\apps\net.corda.node.Corda_4.1\copycat-protocol-1.2.3.jar;C:\Dev\projects\blockchain\docchain\build\nodes\.cache\apps\net.corda.node.Corda_4.1\catalyst-transport-1.1.2.jar;C:\Dev\projects\blockchain\docchain\build\nodes\.cache\apps\net.corda.node.Corda_4.1\jcl-over-slf4j-1.7.25.jar;C:\Dev\projects\blockchain\docchain\build\nodes\.cache\apps\net.corda.node.Corda_4.1\mina-core-2.0.16.jar;C:\Dev\projects\blockchain\docchain\build\nodes\.cache\apps\net.corda.node.Corda_4.1\catalyst-concurrent-1.1.2.jar;C:\Dev\projects\blockchain\docchain\build\nodes\.cache\apps\net.corda.node.Corda_4.1\sshd-pam-0.11.0.jar;C:\Dev\projects\blockchain\docchain\build\nodes\.cache\apps\net.corda.node.Corda_4.1\sshd-core-1.6.0.jar;C:\Dev\projects\blockchain\docchain\build\nodes\.cache\apps\net.corda.node.Corda_4.1\catalyst-serializer-1.1.2.jar;C:\Dev\projects\blockchain\docchain\build\nodes\.cache\apps\net.corda.node.Corda_4.1\catalyst-buffer-1.1.2.jar;C:\Dev\projects\blockchain\docchain\build\nodes\.cache\apps\net.corda.node.Corda_4.1\catalyst-common-1.1.2.jar;C:\Dev\projects\blockchain\docchain\build\nodes\.cache\apps\net.corda.node.Corda_4.1\slf4j-api-1.7.25.jar;C:\Dev\projects\blockchain\docchain\build\nodes\.cache\apps\net.corda.node.Corda_4.1\log4j-api-2.9.1.jar;C:\Dev\projects\blockchain\docchain\build\nodes\.cache\apps\net.corda.node.Corda_4.1\kotlin-stdlib-jdk7-1.2.71.jar;C:\Dev\projects\blockchain\docchain\build\nodes\.cache\apps\net.corda.node.Corda_4.1\kotlin-stdlib-jre7-1.2.71.jar;C:\Dev\projects\blockchain\docchain\build\nodes\.cache\apps\net.corda.node.Corda_4.1\kotlin-stdlib-1.2.71.jar;C:\Dev\projects\blockchain\docchain\build\nodes\.cache\apps\net.corda.node.Corda_4.1\reflectasm-1.11.3.jar;C:\Dev\projects\blockchain\docchain\build\nodes\.cache\apps\net.corda.node.Corda_4.1\minlog-1.3.0.jar;C:\Dev\projects\blockchain\docchain\build\nodes\.cache\apps\net.corda.node.Corda_4.1\objenesis-2.2.jar;C:\Dev\projects\blockchain\docchain\build\nodes\.cache\apps\net.corda.node.Corda_4.1\jsr305-3.0.2.jar;C:\Dev\projects\blockchain\docchain\build\nodes\.cache\apps\net.corda.node.Corda_4.1\checker-qual-2.0.0.jar;C:\Dev\projects\blockchain\docchain\build\nodes\.cache\apps\net.corda.node.Corda_4.1\error_prone_annotations-2.1.3.jar;C:\Dev\projects\blockchain\docchain\build\nodes\.cache\apps\net.corda.node.Corda_4.1\j2objc-annotations-1.1.jar;C:\Dev\projects\blockchain\docchain\build\nodes\.cache\apps\net.corda.node.Corda_4.1\animal-sniffer-annotations-1.14.jar;C:\Dev\projects\blockchain\docchain\build\nodes\.cache\apps\net.corda.node.Corda_4.1\commons-collections-3.2.2.jar;C:\Dev\projects\blockchain\docchain\build\nodes\.cache\apps\net.corda.node.Corda_4.1\artemis-native-2.6.2.jar;C:\Dev\projects\blockchain\docchain\build\nodes\.cache\apps\net.corda.node.Corda_4.1\hibernate-commons-annotations-5.0.4.Final.jar;C:\Dev\projects\blockchain\docchain\build\nodes\.cache\apps\net.corda.node.Corda_4.1\jboss-logging-3.3.2.Final.jar;C:\Dev\projects\blockchain\docchain\build\nodes\.cache\apps\net.corda.node.Corda_4.1\artemis-selector-2.6.2.jar;C:\Dev\projects\blockchain\docchain\build\nodes\.cache\apps\net.corda.node.Corda_4.1\netty-handler-4.1.22.Final.jar;C:\Dev\projects\blockchain\docchain\build\nodes\.cache\apps\net.corda.node.Corda_4.1\netty-transport-native-epoll-4.1.22.Final-linux-x86_64.jar;C:\Dev\projects\blockchain\docchain\build\nodes\.cache\apps\net.corda.node.Corda_4.1\netty-transport-native-kqueue-4.1.22.Final-osx-x86_64.jar;C:\Dev\projects\blockchain\docchain\build\nodes\.cache\apps\net.corda.node.Corda_4.1\netty-codec-http-4.1.22.Final.jar;C:\Dev\projects\blockchain\docchain\build\nodes\.cache\apps\net.corda.node.Corda_4.1\netty-codec-4.1.22.Final.jar;C:\Dev\projects\blockchain\docchain\build\nodes\.cache\apps\net.corda.node.Corda_4.1\netty-transport-native-unix-common-4.1.22.Final.jar;C:\Dev\projects\blockchain\docchain\build\nodes\.cache\apps\net.corda.node.Corda_4.1\netty-transport-4.1.22.Final.jar;C:\Dev\projects\blockchain\docchain\build\nodes\.cache\apps\net.corda.node.Corda_4.1\netty-buffer-4.1.22.Final.jar;C:\Dev\projects\blockchain\docchain\build\nodes\.cache\apps\net.corda.node.Corda_4.1\netty-resolver-4.1.22.Final.jar;C:\Dev\projects\blockchain\docchain\build\nodes\.cache\apps\net.corda.node.Corda_4.1\netty-common-4.1.22.Final.jar;C:\Dev\projects\blockchain\docchain\build\nodes\.cache\apps\net.corda.node.Corda_4.1\geronimo-json_1.0_spec-1.0-alpha-1.jar;C:\Dev\projects\blockchain\docchain\build\nodes\.cache\apps\net.corda.node.Corda_4.1\jgroups-3.6.13.Final.jar;C:\Dev\projects\blockchain\docchain\build\nodes\.cache\apps\net.corda.node.Corda_4.1\johnzon-core-0.9.5.jar;C:\Dev\projects\blockchain\docchain\build\nodes\.cache\apps\net.corda.node.Corda_4.1\forms-1.1-preview.jar;C:\Dev\projects\blockchain\docchain\build\nodes\.cache\apps\net.corda.node.Corda_4.1\jdom-1.0.jar;C:\Dev\projects\blockchain\docchain\build\nodes\.cache\apps\net.corda.node.Corda_4.1\javax.persistence-api-2.2.jar;C:\Dev\projects\blockchain\docchain\build\nodes\.cache\apps\net.corda.node.Corda_4.1\javassist-3.23.1-GA.jar;C:\Dev\projects\blockchain\docchain\build\nodes\.cache\apps\net.corda.node.Corda_4.1\byte-buddy-1.8.17.jar;C:\Dev\projects\blockchain\docchain\build\nodes\.cache\apps\net.corda.node.Corda_4.1\antlr-2.7.7.jar;C:\Dev\projects\blockchain\docchain\build\nodes\.cache\apps\net.corda.node.Corda_4.1\jboss-transaction-api_1.2_spec-1.1.1.Final.jar;C:\Dev\projects\blockchain\docchain\build\nodes\.cache\apps\net.corda.node.Corda_4.1\jandex-2.0.5.Final.jar;C:\Dev\projects\blockchain\docchain\build\nodes\.cache\apps\net.corda.node.Corda_4.1\classmate-1.3.4.jar;C:\Dev\projects\blockchain\docchain\build\nodes\.cache\apps\net.corda.node.Corda_4.1\javax.activation-api-1.2.0.jar;C:\Dev\projects\blockchain\docchain\build\nodes\.cache\apps\net.corda.node.Corda_4.1\dom4j-1.6.1.jar;C:\Dev\projects\blockchain\docchain\build\nodes\.cache\apps\net.corda.node.Corda_4.1\okio-1.11.0.jar;C:\Dev\projects\blockchain\docchain\build\nodes\.cache\apps\net.corda.node.Corda_4.1\jolokia-core-1.6.0.jar;C:\Dev\projects\blockchain\docchain\build\nodes\.cache\apps\net.corda.node.Corda_4.1\json-simple-1.1.1.jar;C:\Dev\projects\blockchain\docchain\build\nodes\.cache\apps\net.corda.node.Corda_4.1\newrelic-api-3.10.0.jar;C:\Dev\projects\blockchain\docchain\build\nodes\.cache\apps\net.corda.node.Corda_4.1\HdrHistogram-2.1.9.jar;C:\Dev\projects\blockchain\docchain\build\nodes\.cache\apps\net.corda.node.Corda_4.1\LatencyUtils-2.0.3.jar;C:\Dev\projects\blockchain\docchain\build\nodes\.cache\apps\net.corda.node.Corda_4.1\rxjava-1.3.8.jar;C:\Dev\projects\blockchain\docchain\build\nodes\.cache\apps\net.corda.node.Corda_4.1\commons-jexl3-3.0.jar;C:\Dev\projects\blockchain\docchain\build\nodes\.cache\apps\net.corda.node.Corda_4.1\commons-lang-2.6.jar;C:\Dev\projects\blockchain\docchain\build\nodes\.cache\apps\net.corda.node.Corda_4.1\eddsa-0.2.0.jar;C:\Dev\projects\blockchain\docchain\build\nodes\.cache\apps\net.corda.node.Corda_4.1\bcpkix-jdk15on-1.60.jar;C:\Dev\projects\blockchain\docchain\build\nodes\.cache\apps\net.corda.node.Corda_4.1\bcprov-jdk15on-1.60.jar;C:\Dev\projects\blockchain\docchain\build\nodes\.cache\apps\net.corda.node.Corda_4.1\asm-5.0.4.jar;C:\Dev\projects\blockchain\docchain\build\nodes\.cache\apps\net.corda.node.Corda_4.1\snappy-0.4.jar;C:\Dev\projects\blockchain\docchain\build\nodes\.cache\apps\net.corda.node.Corda_4.1\jackson-dataformat-yaml-2.9.5.jar;C:\Dev\projects\blockchain\docchain\build\nodes\.cache\apps\net.corda.node.Corda_4.1\snakeyaml-1.18.jar;C:\Dev\projects\blockchain\docchain\build\nodes\.cache\apps\net.corda.node.Corda_4.1\jackson-annotations-2.9.0.jar;C:\Dev\projects\blockchain\docchain\build\nodes\.cache\apps\net.corda.node.Corda_4.1\jackson-core-2.9.5.jar;C:\Dev\projects\blockchain\docchain\build\nodes\.cache\apps\net.corda.node.Corda_4.1\crash.cli-810d2b774b85d4938be01b9b65e29e4fddbc450b.jar;C:\Dev\projects\blockchain\docchain\build\nodes\.cache\apps\net.corda.node.Corda_4.1\groovy-all-1.8.9.jar;C:\Dev\projects\blockchain\docchain\build\nodes\.cache\apps\net.corda.node.Corda_4.1\kotlin-stdlib-common-1.2.71.jar;C:\Dev\projects\blockchain\docchain\build\nodes\.cache\apps\net.corda.node.Corda_4.1\annotations-13.0.jar;C:\Dev\projects\blockchain\docchain\build\nodes\.cache\apps\net.corda.node.Corda_4.1\geronimo-jms_2.0_spec-1.0-alpha-2.jar;C:\Dev\projects\blockchain\docchain\build\nodes\.cache\apps\net.corda.node.Corda_4.1\jpam-1.1.jar;C:\Dev\projects\blockchain\docchain\build\nodes\.cache\apps\net.corda.node.Corda_4.1\corda-node-4.1.jar;C:\Dev\projects\blockchain\docchain\build\nodes\PartyB\corda.jar;C:\Dev\projects\blockchain\docchain\build\nodes\.cache\apps\net.corda.node.Corda_4.1\quasar-core-0.7.10-jdk8.jar
[INFO ] 2021-05-17T20:57:29,837Z [main] internal.Node.logStartupInfo - VM Java HotSpot(TM) 64-Bit Server VM Oracle Corporation 25.291-b10
[INFO ] 2021-05-17T20:57:29,838Z [main] internal.Node.logStartupInfo - Machine: BRPC013171
[INFO ] 2021-05-17T20:57:29,838Z [main] internal.Node.logStartupInfo - Working Directory: C:\Dev\projects\blockchain\docchain\build\nodes\PartyB
[INFO ] 2021-05-17T20:57:29,839Z [main] internal.Node.logStartupInfo - Starting as node on 127.0.0.1:10008
[INFO ] 2021-05-17T20:57:30,408Z [main] cordapp.JarScanningCordappLoader.fromDirectories - Looking for CorDapps in [C:\Dev\projects\blockchain\docchain\build\nodes\PartyB\cordapps]
[INFO ] 2021-05-17T20:57:30,542Z [main] cordapp.JarScanningCordappLoader.<init> - No CorDapp paths provided
[INFO ] 2021-05-17T20:57:35,738Z [main] internal.Node.generateAndSaveNodeInfo - Generating nodeInfo ...
[INFO ] 2021-05-17T20:57:36,966Z [main] internal.Node.obtainIdentity - identity-private-key not found in key store, generating fresh key!
[INFO ] 2021-05-17T20:57:37,579Z [main] hikari.HikariDataSource.<init> - HikariPool-1 - Started.
[INFO ] 2021-05-17T20:57:54,708Z [main] liquibase.info - Creating database history table with name: PUBLIC.DATABASECHANGELOG
[INFO ] 2021-05-17T20:57:54,771Z [main] liquibase.info - Reading from PUBLIC.DATABASECHANGELOG
[INFO ] 2021-05-17T20:57:54,851Z [main] liquibase.info - master.changelog.json: migration/common.changelog-init.xml::1511451595465-1.3::R3.Corda: Skipping changeSet migration/common.changelog-init.xml::1511451595465-1.3::R3.Corda due to validation error(s): minValue is not allowed on h2
[INFO ] 2021-05-17T20:57:55,045Z [main] liquibase.info - master.changelog.json: migration/vault-schema.changelog-pkey.xml::non-clustered_pk-11::R3.Corda: Skipping changeSet migration/vault-schema.changelog-pkey.xml::non-clustered_pk-11::R3.Corda due to validation error(s): clustered is not allowed on h2
[INFO ] 2021-05-17T20:57:55,053Z [main] liquibase.info - master.changelog.json: migration/vault-schema.changelog-pkey.xml::non-clustered_pk-12::R3.Corda: Skipping changeSet migration/vault-schema.changelog-pkey.xml::non-clustered_pk-12::R3.Corda due to validation error(s): clustered is not allowed on h2
[INFO ] 2021-05-17T20:57:55,069Z [main] liquibase.info - master.changelog.json: migration/vault-schema.changelog-pkey.xml::non-clustered_pk-13::R3.Corda: Skipping changeSet migration/vault-schema.changelog-pkey.xml::non-clustered_pk-13::R3.Corda due to validation error(s): clustered is not allowed on h2
[INFO ] 2021-05-17T20:57:55,285Z [main] liquibase.info - master.changelog.json: migration/node-core.changelog-pkey.xml::non-clustered_pk-1::R3.Corda: Skipping changeSet migration/node-core.changelog-pkey.xml::non-clustered_pk-1::R3.Corda due to validation error(s): clustered is not allowed on h2
[INFO ] 2021-05-17T20:57:55,289Z [main] liquibase.info - master.changelog.json: migration/node-core.changelog-pkey.xml::non-clustered_pk-2::R3.Corda: Skipping changeSet migration/node-core.changelog-pkey.xml::non-clustered_pk-2::R3.Corda due to validation error(s): clustered is not allowed on h2
[INFO ] 2021-05-17T20:57:55,292Z [main] liquibase.info - master.changelog.json: migration/node-core.changelog-pkey.xml::non-clustered_pk-3::R3.Corda: Skipping changeSet migration/node-core.changelog-pkey.xml::non-clustered_pk-3::R3.Corda due to validation error(s): clustered is not allowed on h2
[INFO ] 2021-05-17T20:57:55,294Z [main] liquibase.info - master.changelog.json: migration/node-core.changelog-pkey.xml::non-clustered_pk-4::R3.Corda: Skipping changeSet migration/node-core.changelog-pkey.xml::non-clustered_pk-4::R3.Corda due to validation error(s): clustered is not allowed on h2
[INFO ] 2021-05-17T20:57:55,298Z [main] liquibase.info - master.changelog.json: migration/node-core.changelog-pkey.xml::non-clustered_pk-5::R3.Corda: Skipping changeSet migration/node-core.changelog-pkey.xml::non-clustered_pk-5::R3.Corda due to validation error(s): clustered is not allowed on h2
[INFO ] 2021-05-17T20:57:55,301Z [main] liquibase.info - master.changelog.json: migration/node-core.changelog-pkey.xml::non-clustered_pk-6::R3.Corda: Skipping changeSet migration/node-core.changelog-pkey.xml::non-clustered_pk-6::R3.Corda due to validation error(s): clustered is not allowed on h2
[INFO ] 2021-05-17T20:57:55,303Z [main] liquibase.info - master.changelog.json: migration/node-core.changelog-pkey.xml::non-clustered_pk-7::R3.Corda: Skipping changeSet migration/node-core.changelog-pkey.xml::non-clustered_pk-7::R3.Corda due to validation error(s): clustered is not allowed on h2
[INFO ] 2021-05-17T20:57:55,399Z [main] liquibase.info - Successfully acquired change log lock
[INFO ] 2021-05-17T20:57:55,401Z [main] liquibase.info - master.changelog.json: migration/common.changelog-init.xml::1511451595465-1.3::R3.Corda: Skipping changeSet migration/common.changelog-init.xml::1511451595465-1.3::R3.Corda due to validation error(s): minValue is not allowed on h2
[INFO ] 2021-05-17T20:57:55,407Z [main] liquibase.info - master.changelog.json: migration/vault-schema.changelog-pkey.xml::non-clustered_pk-11::R3.Corda: Skipping changeSet migration/vault-schema.changelog-pkey.xml::non-clustered_pk-11::R3.Corda due to validation error(s): clustered is not allowed on h2
[INFO ] 2021-05-17T20:57:55,408Z [main] liquibase.info - master.changelog.json: migration/vault-schema.changelog-pkey.xml::non-clustered_pk-12::R3.Corda: Skipping changeSet migration/vault-schema.changelog-pkey.xml::non-clustered_pk-12::R3.Corda due to validation error(s): clustered is not allowed on h2
[INFO ] 2021-05-17T20:57:55,409Z [main] liquibase.info - master.changelog.json: migration/vault-schema.changelog-pkey.xml::non-clustered_pk-13::R3.Corda: Skipping changeSet migration/vault-schema.changelog-pkey.xml::non-clustered_pk-13::R3.Corda due to validation error(s): clustered is not allowed on h2
[INFO ] 2021-05-17T20:57:55,464Z [main] liquibase.info - master.changelog.json: migration/node-core.changelog-pkey.xml::non-clustered_pk-1::R3.Corda: Skipping changeSet migration/node-core.changelog-pkey.xml::non-clustered_pk-1::R3.Corda due to validation error(s): clustered is not allowed on h2
[INFO ] 2021-05-17T20:57:55,465Z [main] liquibase.info - master.changelog.json: migration/node-core.changelog-pkey.xml::non-clustered_pk-2::R3.Corda: Skipping changeSet migration/node-core.changelog-pkey.xml::non-clustered_pk-2::R3.Corda due to validation error(s): clustered is not allowed on h2
[INFO ] 2021-05-17T20:57:55,465Z [main] liquibase.info - master.changelog.json: migration/node-core.changelog-pkey.xml::non-clustered_pk-3::R3.Corda: Skipping changeSet migration/node-core.changelog-pkey.xml::non-clustered_pk-3::R3.Corda due to validation error(s): clustered is not allowed on h2
[INFO ] 2021-05-17T20:57:55,466Z [main] liquibase.info - master.changelog.json: migration/node-core.changelog-pkey.xml::non-clustered_pk-4::R3.Corda: Skipping changeSet migration/node-core.changelog-pkey.xml::non-clustered_pk-4::R3.Corda due to validation error(s): clustered is not allowed on h2
[INFO ] 2021-05-17T20:57:55,467Z [main] liquibase.info - master.changelog.json: migration/node-core.changelog-pkey.xml::non-clustered_pk-5::R3.Corda: Skipping changeSet migration/node-core.changelog-pkey.xml::non-clustered_pk-5::R3.Corda due to validation error(s): clustered is not allowed on h2
[INFO ] 2021-05-17T20:57:55,469Z [main] liquibase.info - master.changelog.json: migration/node-core.changelog-pkey.xml::non-clustered_pk-6::R3.Corda: Skipping changeSet migration/node-core.changelog-pkey.xml::non-clustered_pk-6::R3.Corda due to validation error(s): clustered is not allowed on h2
[INFO ] 2021-05-17T20:57:55,469Z [main] liquibase.info - master.changelog.json: migration/node-core.changelog-pkey.xml::non-clustered_pk-7::R3.Corda: Skipping changeSet migration/node-core.changelog-pkey.xml::non-clustered_pk-7::R3.Corda due to validation error(s): clustered is not allowed on h2
[INFO ] 2021-05-17T20:57:55,498Z [main] liquibase.info - master.changelog.json: migration/common.changelog-init.xml::1511451595465-1.1::R3.Corda: Sequence hibernate_sequence created
[INFO ] 2021-05-17T20:57:55,499Z [main] liquibase.info - master.changelog.json: migration/common.changelog-init.xml::1511451595465-1.1::R3.Corda: ChangeSet migration/common.changelog-init.xml::1511451595465-1.1::R3.Corda ran successfully in 22ms
[INFO ] 2021-05-17T20:57:55,551Z [main] liquibase.info - master.changelog.json: migration/vault-schema.changelog-init.xml::1511451595465-22::R3.Corda: Table vault_fungible_states created
[INFO ] 2021-05-17T20:57:55,551Z [main] liquibase.info - master.changelog.json: migration/vault-schema.changelog-init.xml::1511451595465-22::R3.Corda: ChangeSet migration/vault-schema.changelog-init.xml::1511451595465-22::R3.Corda ran successfully in 7ms
[INFO ] 2021-05-17T20:57:55,572Z [main] liquibase.info - master.changelog.json: migration/vault-schema.changelog-init.xml::1511451595465-23::R3.Corda: Table vault_fungible_states_parts created
[INFO ] 2021-05-17T20:57:55,581Z [main] liquibase.info - master.changelog.json: migration/vault-schema.changelog-init.xml::1511451595465-23::R3.Corda: ChangeSet migration/vault-schema.changelog-init.xml::1511451595465-23::R3.Corda ran successfully in 24ms
[INFO ] 2021-05-17T20:57:55,596Z [main] liquibase.info - master.changelog.json: migration/vault-schema.changelog-init.xml::1511451595465-24::R3.Corda: Table vault_linear_states created
[INFO ] 2021-05-17T20:57:55,596Z [main] liquibase.info - master.changelog.json: migration/vault-schema.changelog-init.xml::1511451595465-24::R3.Corda: ChangeSet migration/vault-schema.changelog-init.xml::1511451595465-24::R3.Corda ran successfully in 6ms
[INFO ] 2021-05-17T20:57:55,622Z [main] liquibase.info - master.changelog.json: migration/vault-schema.changelog-init.xml::1511451595465-25::R3.Corda: Table vault_linear_states_parts created
[INFO ] 2021-05-17T20:57:55,623Z [main] liquibase.info - master.changelog.json: migration/vault-schema.changelog-init.xml::1511451595465-25::R3.Corda: ChangeSet migration/vault-schema.changelog-init.xml::1511451595465-25::R3.Corda ran successfully in 20ms
[INFO ] 2021-05-17T20:57:55,636Z [main] liquibase.info - master.changelog.json: migration/vault-schema.changelog-init.xml::1511451595465-26::R3.Corda: Table vault_states created
[INFO ] 2021-05-17T20:57:55,637Z [main] liquibase.info - master.changelog.json: migration/vault-schema.changelog-init.xml::1511451595465-26::R3.Corda: ChangeSet migration/vault-schema.changelog-init.xml::1511451595465-26::R3.Corda ran successfully in 7ms
[INFO ] 2021-05-17T20:57:55,673Z [main] liquibase.info - master.changelog.json: migration/vault-schema.changelog-init.xml::1511451595465-27::R3.Corda: Table vault_transaction_notes created
[INFO ] 2021-05-17T20:57:55,674Z [main] liquibase.info - master.changelog.json: migration/vault-schema.changelog-init.xml::1511451595465-27::R3.Corda: ChangeSet migration/vault-schema.changelog-init.xml::1511451595465-27::R3.Corda ran successfully in 33ms
[INFO ] 2021-05-17T20:57:55,696Z [main] liquibase.info - master.changelog.json: migration/vault-schema.changelog-init.xml::1511451595465-47::R3.Corda: Primary key added to vault_fungible_states (output_index, transaction_id)
[INFO ] 2021-05-17T20:57:55,697Z [main] liquibase.info - master.changelog.json: migration/vault-schema.changelog-init.xml::1511451595465-47::R3.Corda: ChangeSet migration/vault-schema.changelog-init.xml::1511451595465-47::R3.Corda ran successfully in 9ms
[INFO ] 2021-05-17T20:57:55,711Z [main] liquibase.info - master.changelog.json: migration/vault-schema.changelog-init.xml::1511451595465-48::R3.Corda: Primary key added to vault_linear_states (output_index, transaction_id)
[INFO ] 2021-05-17T20:57:55,712Z [main] liquibase.info - master.changelog.json: migration/vault-schema.changelog-init.xml::1511451595465-48::R3.Corda: ChangeSet migration/vault-schema.changelog-init.xml::1511451595465-48::R3.Corda ran successfully in 5ms
[INFO ] 2021-05-17T20:57:55,721Z [main] liquibase.info - master.changelog.json: migration/vault-schema.changelog-init.xml::1511451595465-49::R3.Corda: Primary key added to vault_states (output_index, transaction_id)
[INFO ] 2021-05-17T20:57:55,721Z [main] liquibase.info - master.changelog.json: migration/vault-schema.changelog-init.xml::1511451595465-49::R3.Corda: ChangeSet migration/vault-schema.changelog-init.xml::1511451595465-49::R3.Corda ran successfully in 4ms
[INFO ] 2021-05-17T20:57:55,779Z [main] liquibase.info - master.changelog.json: migration/vault-schema.changelog-init.xml::1511451595465-50::R3.Corda: Primary key added to vault_transaction_notes (seq_no)
[INFO ] 2021-05-17T20:57:55,780Z [main] liquibase.info - master.changelog.json: migration/vault-schema.changelog-init.xml::1511451595465-50::R3.Corda: ChangeSet migration/vault-schema.changelog-init.xml::1511451595465-50::R3.Corda ran successfully in 55ms
[INFO ] 2021-05-17T20:57:55,800Z [main] liquibase.info - master.changelog.json: migration/vault-schema.changelog-init.xml::1511451595465-53::R3.Corda: Index external_id_index created
[INFO ] 2021-05-17T20:57:55,800Z [main] liquibase.info - master.changelog.json: migration/vault-schema.changelog-init.xml::1511451595465-53::R3.Corda: ChangeSet migration/vault-schema.changelog-init.xml::1511451595465-53::R3.Corda ran successfully in 13ms
[INFO ] 2021-05-17T20:57:55,812Z [main] liquibase.info - master.changelog.json: migration/vault-schema.changelog-init.xml::1511451595465-55::R3.Corda: Index lock_id_idx created
[INFO ] 2021-05-17T20:57:55,812Z [main] liquibase.info - master.changelog.json: migration/vault-schema.changelog-init.xml::1511451595465-55::R3.Corda: ChangeSet migration/vault-schema.changelog-init.xml::1511451595465-55::R3.Corda ran successfully in 5ms
[INFO ] 2021-05-17T20:57:55,820Z [main] liquibase.info - master.changelog.json: migration/vault-schema.changelog-init.xml::1511451595465-58::R3.Corda: Index state_status_idx created
[INFO ] 2021-05-17T20:57:55,821Z [main] liquibase.info - master.changelog.json: migration/vault-schema.changelog-init.xml::1511451595465-58::R3.Corda: ChangeSet migration/vault-schema.changelog-init.xml::1511451595465-58::R3.Corda ran successfully in 3ms
[INFO ] 2021-05-17T20:57:55,862Z [main] liquibase.info - master.changelog.json: migration/vault-schema.changelog-init.xml::1511451595465-59::R3.Corda: Index transaction_id_index created
[INFO ] 2021-05-17T20:57:55,864Z [main] liquibase.info - master.changelog.json: migration/vault-schema.changelog-init.xml::1511451595465-59::R3.Corda: ChangeSet migration/vault-schema.changelog-init.xml::1511451595465-59::R3.Corda ran successfully in 21ms
[INFO ] 2021-05-17T20:57:55,933Z [main] liquibase.info - master.changelog.json: migration/vault-schema.changelog-init.xml::1511451595465-60::R3.Corda: Index uuid_index created
[INFO ] 2021-05-17T20:57:55,934Z [main] liquibase.info - master.changelog.json: migration/vault-schema.changelog-init.xml::1511451595465-60::R3.Corda: ChangeSet migration/vault-schema.changelog-init.xml::1511451595465-60::R3.Corda ran successfully in 24ms
[INFO ] 2021-05-17T20:57:55,982Z [main] liquibase.info - master.changelog.json: migration/vault-schema.changelog-init.xml::1511451595465-64::R3.Corda: Foreign key constraint added to vault_fungible_states_parts (output_index,transaction_id)
[INFO ] 2021-05-17T20:57:55,982Z [main] liquibase.info - master.changelog.json: migration/vault-schema.changelog-init.xml::1511451595465-64::R3.Corda: ChangeSet migration/vault-schema.changelog-init.xml::1511451595465-64::R3.Corda ran successfully in 30ms
[INFO ] 2021-05-17T20:57:56,028Z [main] liquibase.info - master.changelog.json: migration/vault-schema.changelog-init.xml::1511451595465-65::R3.Corda: Foreign key constraint added to vault_linear_states_parts (output_index,transaction_id)
[INFO ] 2021-05-17T20:57:56,028Z [main] liquibase.info - master.changelog.json: migration/vault-schema.changelog-init.xml::1511451595465-65::R3.Corda: ChangeSet migration/vault-schema.changelog-init.xml::1511451595465-65::R3.Corda ran successfully in 41ms
[INFO ] 2021-05-17T20:57:56,035Z [main] liquibase.info - master.changelog.json: migration/vault-schema.changelog-v3.xml::clean_vault::R3.Corda: Data deleted from vault_fungible_states_parts
[INFO ] 2021-05-17T20:57:56,036Z [main] liquibase.info - master.changelog.json: migration/vault-schema.changelog-v3.xml::clean_vault::R3.Corda: Data deleted from vault_fungible_states
[INFO ] 2021-05-17T20:57:56,036Z [main] liquibase.info - master.changelog.json: migration/vault-schema.changelog-v3.xml::clean_vault::R3.Corda: Data deleted from vault_linear_states_parts
[INFO ] 2021-05-17T20:57:56,038Z [main] liquibase.info - master.changelog.json: migration/vault-schema.changelog-v3.xml::clean_vault::R3.Corda: Data deleted from vault_linear_states
[INFO ] 2021-05-17T20:57:56,038Z [main] liquibase.info - master.changelog.json: migration/vault-schema.changelog-v3.xml::clean_vault::R3.Corda: Data deleted from vault_states
[INFO ] 2021-05-17T20:57:56,039Z [main] liquibase.info - master.changelog.json: migration/vault-schema.changelog-v3.xml::clean_vault::R3.Corda: Data deleted from vault_transaction_notes
[INFO ] 2021-05-17T20:57:56,040Z [main] liquibase.info - master.changelog.json: migration/vault-schema.changelog-v3.xml::clean_vault::R3.Corda: ChangeSet migration/vault-schema.changelog-v3.xml::clean_vault::R3.Corda ran successfully in 6ms
[INFO ] 2021-05-17T20:57:56,051Z [main] liquibase.info - master.changelog.json: migration/vault-schema.changelog-v4.xml::nullability::R3.Corda: Null constraint has been added to vault_fungible_states.quantity
[INFO ] 2021-05-17T20:57:56,053Z [main] liquibase.info - master.changelog.json: migration/vault-schema.changelog-v4.xml::nullability::R3.Corda: Null constraint has been added to vault_states.contract_state_class_name
[INFO ] 2021-05-17T20:57:56,056Z [main] liquibase.info - master.changelog.json: migration/vault-schema.changelog-v4.xml::nullability::R3.Corda: Null constraint has been added to vault_states.notary_name
[INFO ] 2021-05-17T20:57:56,092Z [main] liquibase.info - master.changelog.json: migration/vault-schema.changelog-v4.xml::nullability::R3.Corda: Null constraint has been added to vault_states.recorded_timestamp
[INFO ] 2021-05-17T20:57:56,096Z [main] liquibase.info - master.changelog.json: migration/vault-schema.changelog-v4.xml::nullability::R3.Corda: Index state_status_idx dropped from table vault_states
[INFO ] 2021-05-17T20:57:56,099Z [main] liquibase.info - master.changelog.json: migration/vault-schema.changelog-v4.xml::nullability::R3.Corda: Index lock_id_idx dropped from table vault_states
[INFO ] 2021-05-17T20:57:56,104Z [main] liquibase.info - master.changelog.json: migration/vault-schema.changelog-v4.xml::nullability::R3.Corda: Null constraint has been added to vault_states.state_status
[INFO ] 2021-05-17T20:57:56,128Z [main] liquibase.info - master.changelog.json: migration/vault-schema.changelog-v4.xml::nullability::R3.Corda: Index state_status_idx created
[INFO ] 2021-05-17T20:57:56,137Z [main] liquibase.info - master.changelog.json: migration/vault-schema.changelog-v4.xml::nullability::R3.Corda: Index lock_id_idx created
[INFO ] 2021-05-17T20:57:56,141Z [main] liquibase.info - master.changelog.json: migration/vault-schema.changelog-v4.xml::nullability::R3.Corda: Index transaction_id_index dropped from table vault_transaction_notes
[INFO ] 2021-05-17T20:57:56,148Z [main] liquibase.info - master.changelog.json: migration/vault-schema.changelog-v4.xml::nullability::R3.Corda: Null constraint has been added to vault_transaction_notes.note
[INFO ] 2021-05-17T20:57:56,157Z [main] liquibase.info - master.changelog.json: migration/vault-schema.changelog-v4.xml::nullability::R3.Corda: Null constraint has been added to vault_transaction_notes.transaction_id
[INFO ] 2021-05-17T20:57:56,159Z [main] liquibase.info - master.changelog.json: migration/vault-schema.changelog-v4.xml::nullability::R3.Corda: Index transaction_id_index created
[INFO ] 2021-05-17T20:57:56,159Z [main] liquibase.info - master.changelog.json: migration/vault-schema.changelog-v4.xml::nullability::R3.Corda: ChangeSet migration/vault-schema.changelog-v4.xml::nullability::R3.Corda ran successfully in 115ms
[INFO ] 2021-05-17T20:57:56,811Z [main] liquibase.info - master.changelog.json: migration/vault-schema.changelog-v5.xml::add_relevancy_status_column::R3.Corda: Columns relevancy_status(INT) added to vault_states
[INFO ] 2021-05-17T20:57:56,829Z [main] liquibase.info - master.changelog.json: migration/vault-schema.changelog-v5.xml::add_relevancy_status_column::R3.Corda: Data updated in vault_states
[INFO ] 2021-05-17T20:57:56,835Z [main] liquibase.info - master.changelog.json: migration/vault-schema.changelog-v5.xml::add_relevancy_status_column::R3.Corda: Null constraint has been added to vault_states.relevancy_status
[INFO ] 2021-05-17T20:57:56,836Z [main] liquibase.info - master.changelog.json: migration/vault-schema.changelog-v5.xml::add_relevancy_status_column::R3.Corda: ChangeSet migration/vault-schema.changelog-v5.xml::add_relevancy_status_column::R3.Corda ran successfully in 229ms
[INFO ] 2021-05-17T20:57:56,885Z [main] liquibase.info - master.changelog.json: migration/vault-schema.changelog-v6.xml::add_is_constraint_information_columns::R3.Corda: Columns constraint_type(INT) added to vault_states
[INFO ] 2021-05-17T20:57:56,910Z [main] liquibase.info - master.changelog.json: migration/vault-schema.changelog-v6.xml::add_is_constraint_information_columns::R3.Corda: Columns constraint_data(varbinary(563)) added to vault_states
[INFO ] 2021-05-17T20:57:56,910Z [main] liquibase.info - master.changelog.json: migration/vault-schema.changelog-v6.xml::add_is_constraint_information_columns::R3.Corda: ChangeSet migration/vault-schema.changelog-v6.xml::add_is_constraint_information_columns::R3.Corda ran successfully in 66ms
[INFO ] 2021-05-17T20:57:56,914Z [main] liquibase.info - master.changelog.json: migration/vault-schema.changelog-v7.xml::make_issuer_ref_nullable::R3.Corda: Null constraint dropped from vault_fungible_states.issuer_ref
[INFO ] 2021-05-17T20:57:56,914Z [main] liquibase.info - master.changelog.json: migration/vault-schema.changelog-v7.xml::make_issuer_ref_nullable::R3.Corda: ChangeSet migration/vault-schema.changelog-v7.xml::make_issuer_ref_nullable::R3.Corda ran successfully in 1ms
[INFO ] 2021-05-17T20:57:56,921Z [main] liquibase.info - master.changelog.json: migration/vault-schema.changelog-v8.xml::create-external-id-to-state-party-view::R3.Corda: Table state_party created
[INFO ] 2021-05-17T20:57:56,930Z [main] liquibase.info - master.changelog.json: migration/vault-schema.changelog-v8.xml::create-external-id-to-state-party-view::R3.Corda: Index state_pk_hash_idx created
[INFO ] 2021-05-17T20:57:56,939Z [main] liquibase.info - master.changelog.json: migration/vault-schema.changelog-v8.xml::create-external-id-to-state-party-view::R3.Corda: Table pk_hash_to_ext_id_map created
[INFO ] 2021-05-17T20:57:56,942Z [main] liquibase.info - master.changelog.json: migration/vault-schema.changelog-v8.xml::create-external-id-to-state-party-view::R3.Corda: Index pk_hash_to_xid_idx created
[INFO ] 2021-05-17T20:57:56,953Z [main] liquibase.info - master.changelog.json: migration/vault-schema.changelog-v8.xml::create-external-id-to-state-party-view::R3.Corda: View v_pkey_hash_ex_id_map created
[INFO ] 2021-05-17T20:57:56,953Z [main] liquibase.info - master.changelog.json: migration/vault-schema.changelog-v8.xml::create-external-id-to-state-party-view::R3.Corda: ChangeSet migration/vault-schema.changelog-v8.xml::create-external-id-to-state-party-view::R3.Corda ran successfully in 35ms
[INFO ] 2021-05-17T20:57:56,973Z [main] liquibase.info - master.changelog.json: migration/node-info.changelog-init.xml::1511451595465-4::R3.Corda: Table node_link_nodeinfo_party created
[INFO ] 2021-05-17T20:57:56,974Z [main] liquibase.info - master.changelog.json: migration/node-info.changelog-init.xml::1511451595465-4::R3.Corda: ChangeSet migration/node-info.changelog-init.xml::1511451595465-4::R3.Corda ran successfully in 12ms
[INFO ] 2021-05-17T20:57:56,983Z [main] liquibase.info - master.changelog.json: migration/node-info.changelog-init.xml::1511451595465-10::R3.Corda: Table node_info_hosts created
[INFO ] 2021-05-17T20:57:56,984Z [main] liquibase.info - master.changelog.json: migration/node-info.changelog-init.xml::1511451595465-10::R3.Corda: ChangeSet migration/node-info.changelog-init.xml::1511451595465-10::R3.Corda ran successfully in 3ms
[INFO ] 2021-05-17T20:57:57,019Z [main] liquibase.info - master.changelog.json: migration/node-info.changelog-init.xml::1511451595465-11::R3.Corda: Table node_info_party_cert created
[INFO ] 2021-05-17T20:57:57,026Z [main] liquibase.info - master.changelog.json: migration/node-info.changelog-init.xml::1511451595465-11::R3.Corda: ChangeSet migration/node-info.changelog-init.xml::1511451595465-11::R3.Corda ran successfully in 37ms
[INFO ] 2021-05-17T20:57:57,051Z [main] liquibase.info - master.changelog.json: migration/node-info.changelog-init.xml::1511451595465-12::R3.Corda: Table node_infos created
[INFO ] 2021-05-17T20:57:57,057Z [main] liquibase.info - master.changelog.json: migration/node-info.changelog-init.xml::1511451595465-12::R3.Corda: ChangeSet migration/node-info.changelog-init.xml::1511451595465-12::R3.Corda ran successfully in 19ms
[INFO ] 2021-05-17T20:57:57,085Z [main] liquibase.info - master.changelog.json: migration/node-info.changelog-init.xml::1511451595465-35::R3.Corda: Primary key added to node_info_hosts (host, port)
[INFO ] 2021-05-17T20:57:57,087Z [main] liquibase.info - master.changelog.json: migration/node-info.changelog-init.xml::1511451595465-35::R3.Corda: ChangeSet migration/node-info.changelog-init.xml::1511451595465-35::R3.Corda ran successfully in 15ms
[INFO ] 2021-05-17T20:57:57,101Z [main] liquibase.info - master.changelog.json: migration/node-info.changelog-init.xml::1511451595465-36::R3.Corda: Primary key added to node_info_party_cert (party_name)
[INFO ] 2021-05-17T20:57:57,101Z [main] liquibase.info - master.changelog.json: migration/node-info.changelog-init.xml::1511451595465-36::R3.Corda: ChangeSet migration/node-info.changelog-init.xml::1511451595465-36::R3.Corda ran successfully in 2ms
[INFO ] 2021-05-17T20:57:57,110Z [main] liquibase.info - master.changelog.json: migration/node-info.changelog-init.xml::1511451595465-37::R3.Corda: Primary key added to node_infos (node_info_id)
[INFO ] 2021-05-17T20:57:57,110Z [main] liquibase.info - master.changelog.json: migration/node-info.changelog-init.xml::1511451595465-37::R3.Corda: ChangeSet migration/node-info.changelog-init.xml::1511451595465-37::R3.Corda ran successfully in 5ms
[INFO ] 2021-05-17T20:57:57,132Z [main] liquibase.info - master.changelog.json: migration/node-info.changelog-init.xml::1511451595465-62::R3.Corda: Foreign key constraint added to node_link_nodeinfo_party (node_info_id)
[INFO ] 2021-05-17T20:57:57,132Z [main] liquibase.info - master.changelog.json: migration/node-info.changelog-init.xml::1511451595465-62::R3.Corda: ChangeSet migration/node-info.changelog-init.xml::1511451595465-62::R3.Corda ran successfully in 19ms
[INFO ] 2021-05-17T20:57:57,142Z [main] liquibase.info - master.changelog.json: migration/node-info.changelog-init.xml::1511451595465-63::R3.Corda: Foreign key constraint added to node_info_hosts (node_info_id)
[INFO ] 2021-05-17T20:57:57,142Z [main] liquibase.info - master.changelog.json: migration/node-info.changelog-init.xml::1511451595465-63::R3.Corda: ChangeSet migration/node-info.changelog-init.xml::1511451595465-63::R3.Corda ran successfully in 7ms
[INFO ] 2021-05-17T20:57:57,148Z [main] liquibase.info - master.changelog.json: migration/node-info.changelog-init.xml::remove_host_port_pk::R3.Corda: Data deleted from node_infos
[INFO ] 2021-05-17T20:57:57,148Z [main] liquibase.info - master.changelog.json: migration/node-info.changelog-init.xml::remove_host_port_pk::R3.Corda: Data deleted from node_link_nodeinfo_party
[INFO ] 2021-05-17T20:57:57,149Z [main] liquibase.info - master.changelog.json: migration/node-info.changelog-init.xml::remove_host_port_pk::R3.Corda: Data deleted from node_info_hosts
[INFO ] 2021-05-17T20:57:57,150Z [main] liquibase.info - master.changelog.json: migration/node-info.changelog-init.xml::remove_host_port_pk::R3.Corda: Data deleted from node_info_party_cert
[INFO ] 2021-05-17T20:57:57,151Z [main] liquibase.info - master.changelog.json: migration/node-info.changelog-init.xml::remove_host_port_pk::R3.Corda: Primary key dropped from node_info_hosts
[INFO ] 2021-05-17T20:57:57,162Z [main] liquibase.info - master.changelog.json: migration/node-info.changelog-init.xml::remove_host_port_pk::R3.Corda: Columns hosts_id(INT) added to node_info_hosts
[INFO ] 2021-05-17T20:57:57,172Z [main] liquibase.info - master.changelog.json: migration/node-info.changelog-init.xml::remove_host_port_pk::R3.Corda: Primary key added to node_info_hosts (hosts_id)
[INFO ] 2021-05-17T20:57:57,175Z [main] liquibase.info - master.changelog.json: migration/node-info.changelog-init.xml::remove_host_port_pk::R3.Corda: ChangeSet migration/node-info.changelog-init.xml::remove_host_port_pk::R3.Corda ran successfully in 29ms
[INFO ] 2021-05-17T20:57:57,185Z [main] liquibase.info - master.changelog.json: migration/node-info.changelog-v1.xml::key/value node properties table::R3.Corda: Table node_properties created
[INFO ] 2021-05-17T20:57:57,185Z [main] liquibase.info - master.changelog.json: migration/node-info.changelog-v1.xml::key/value node properties table::R3.Corda: ChangeSet migration/node-info.changelog-v1.xml::key/value node properties table::R3.Corda ran successfully in 3ms
[INFO ] 2021-05-17T20:57:57,190Z [main] liquibase.info - master.changelog.json: migration/node-info.changelog-v2.xml::1525962920::R3.Corda: Null constraint has been added to node_infos.node_info_hash
[INFO ] 2021-05-17T20:57:57,191Z [main] liquibase.info - master.changelog.json: migration/node-info.changelog-v2.xml::1525962920::R3.Corda: Null constraint has been added to node_infos.platform_version
[INFO ] 2021-05-17T20:57:57,193Z [main] liquibase.info - master.changelog.json: migration/node-info.changelog-v2.xml::1525962920::R3.Corda: Null constraint has been added to node_infos.serial
[INFO ] 2021-05-17T20:57:57,195Z [main] liquibase.info - master.changelog.json: migration/node-info.changelog-v2.xml::1525962920::R3.Corda: Null constraint dropped from node_info_hosts.host
[INFO ] 2021-05-17T20:57:57,201Z [main] liquibase.info - master.changelog.json: migration/node-info.changelog-v2.xml::1525962920::R3.Corda: Null constraint dropped from node_info_hosts.port
[INFO ] 2021-05-17T20:57:57,203Z [main] liquibase.info - master.changelog.json: migration/node-info.changelog-v2.xml::1525962920::R3.Corda: Null constraint has been added to node_info_party_cert.owning_key_hash
[INFO ] 2021-05-17T20:57:57,204Z [main] liquibase.info - master.changelog.json: migration/node-info.changelog-v2.xml::1525962920::R3.Corda: Null constraint has been added to node_info_party_cert.party_cert_binary
[INFO ] 2021-05-17T20:57:57,205Z [main] liquibase.info - master.changelog.json: migration/node-info.changelog-v2.xml::1525962920::R3.Corda: ChangeSet migration/node-info.changelog-v2.xml::1525962920::R3.Corda ran successfully in 16ms
[INFO ] 2021-05-17T20:57:57,212Z [main] liquibase.info - master.changelog.json: migration/node-info.changelog-v3.xml::column_host_name::R3.Corda: Column node_info_hosts.host renamed to host_name
[INFO ] 2021-05-17T20:57:57,213Z [main] liquibase.info - master.changelog.json: migration/node-info.changelog-v3.xml::column_host_name::R3.Corda: ChangeSet migration/node-info.changelog-v3.xml::column_host_name::R3.Corda ran successfully in 4ms
[INFO ] 2021-05-17T20:57:57,233Z [main] liquibase.info - master.changelog.json: migration/node-services.changelog-init.xml::1511451595465-5::R3.Corda: Table node_attachments created
[INFO ] 2021-05-17T20:57:57,234Z [main] liquibase.info - master.changelog.json: migration/node-services.changelog-init.xml::1511451595465-5::R3.Corda: ChangeSet migration/node-services.changelog-init.xml::1511451595465-5::R3.Corda ran successfully in 2ms
[INFO ] 2021-05-17T20:57:57,242Z [main] liquibase.info - master.changelog.json: migration/node-services.changelog-init.xml::1511451595465-7::R3.Corda: Table node_checkpoints created
[INFO ] 2021-05-17T20:57:57,244Z [main] liquibase.info - master.changelog.json: migration/node-services.changelog-init.xml::1511451595465-7::R3.Corda: ChangeSet migration/node-services.changelog-init.xml::1511451595465-7::R3.Corda ran successfully in 5ms
[INFO ] 2021-05-17T20:57:57,252Z [main] liquibase.info - master.changelog.json: migration/node-services.changelog-init.xml::1511451595465-8::R3.Corda: Table node_contract_upgrades created
[INFO ] 2021-05-17T20:57:57,252Z [main] liquibase.info - master.changelog.json: migration/node-services.changelog-init.xml::1511451595465-8::R3.Corda: ChangeSet migration/node-services.changelog-init.xml::1511451595465-8::R3.Corda ran successfully in 3ms
[INFO ] 2021-05-17T20:57:57,257Z [main] liquibase.info - master.changelog.json: migration/node-services.changelog-init.xml::1511451595465-9::R3.Corda: Table node_identities created
[INFO ] 2021-05-17T20:57:57,257Z [main] liquibase.info - master.changelog.json: migration/node-services.changelog-init.xml::1511451595465-9::R3.Corda: ChangeSet migration/node-services.changelog-init.xml::1511451595465-9::R3.Corda ran successfully in 2ms
[INFO ] 2021-05-17T20:57:57,265Z [main] liquibase.info - master.changelog.json: migration/node-services.changelog-init.xml::1511451595465-13::R3.Corda: Table node_message_ids created
[INFO ] 2021-05-17T20:57:57,265Z [main] liquibase.info - master.changelog.json: migration/node-services.changelog-init.xml::1511451595465-13::R3.Corda: ChangeSet migration/node-services.changelog-init.xml::1511451595465-13::R3.Corda ran successfully in 2ms
[INFO ] 2021-05-17T20:57:57,269Z [main] liquibase.info - master.changelog.json: migration/node-services.changelog-init.xml::1511451595465-14::R3.Corda: Table node_message_retry created
[INFO ] 2021-05-17T20:57:57,270Z [main] liquibase.info - master.changelog.json: migration/node-services.changelog-init.xml::1511451595465-14::R3.Corda: ChangeSet migration/node-services.changelog-init.xml::1511451595465-14::R3.Corda ran successfully in 2ms
[INFO ] 2021-05-17T20:57:57,276Z [main] liquibase.info - master.changelog.json: migration/node-services.changelog-init.xml::1511451595465-15::R3.Corda: Table node_named_identities created
[INFO ] 2021-05-17T20:57:57,276Z [main] liquibase.info - master.changelog.json: migration/node-services.changelog-init.xml::1511451595465-15::R3.Corda: ChangeSet migration/node-services.changelog-init.xml::1511451595465-15::R3.Corda ran successfully in 4ms
[INFO ] 2021-05-17T20:57:57,284Z [main] liquibase.info - master.changelog.json: migration/node-services.changelog-init.xml::1511451595465-17::R3.Corda: Table node_our_key_pairs created
[INFO ] 2021-05-17T20:57:57,284Z [main] liquibase.info - master.changelog.json: migration/node-services.changelog-init.xml::1511451595465-17::R3.Corda: ChangeSet migration/node-services.changelog-init.xml::1511451595465-17::R3.Corda ran successfully in 2ms
[INFO ] 2021-05-17T20:57:57,289Z [main] liquibase.info - master.changelog.json: migration/node-services.changelog-init.xml::1511451595465-19::R3.Corda: Table node_scheduled_states created
[INFO ] 2021-05-17T20:57:57,290Z [main] liquibase.info - master.changelog.json: migration/node-services.changelog-init.xml::1511451595465-19::R3.Corda: ChangeSet migration/node-services.changelog-init.xml::1511451595465-19::R3.Corda ran successfully in 2ms
[INFO ] 2021-05-17T20:57:57,296Z [main] liquibase.info - master.changelog.json: migration/node-services.changelog-init.xml::1511451595465-20::R3.Corda: Table node_transaction_mappings created
[INFO ] 2021-05-17T20:57:57,296Z [main] liquibase.info - master.changelog.json: migration/node-services.changelog-init.xml::1511451595465-20::R3.Corda: ChangeSet migration/node-services.changelog-init.xml::1511451595465-20::R3.Corda ran successfully in 3ms
[INFO ] 2021-05-17T20:57:57,310Z [main] liquibase.info - master.changelog.json: migration/node-services.changelog-init.xml::1511451595465-21::R3.Corda: Table node_transactions created
[INFO ] 2021-05-17T20:57:57,310Z [main] liquibase.info - master.changelog.json: migration/node-services.changelog-init.xml::1511451595465-21::R3.Corda: ChangeSet migration/node-services.changelog-init.xml::1511451595465-21::R3.Corda ran successfully in 2ms
[INFO ] 2021-05-17T20:57:57,319Z [main] liquibase.info - master.changelog.json: migration/node-services.changelog-init.xml::1511451595465-30::R3.Corda: Primary key added to node_attachments (att_id)
[INFO ] 2021-05-17T20:57:57,322Z [main] liquibase.info - master.changelog.json: migration/node-services.changelog-init.xml::1511451595465-30::R3.Corda: ChangeSet migration/node-services.changelog-init.xml::1511451595465-30::R3.Corda ran successfully in 6ms
[INFO ] 2021-05-17T20:57:57,328Z [main] liquibase.info - master.changelog.json: migration/node-services.changelog-init.xml::1511451595465-32::R3.Corda: Primary key added to node_checkpoints (checkpoint_id)
[INFO ] 2021-05-17T20:57:57,328Z [main] liquibase.info - master.changelog.json: migration/node-services.changelog-init.xml::1511451595465-32::R3.Corda: ChangeSet migration/node-services.changelog-init.xml::1511451595465-32::R3.Corda ran successfully in 3ms
[INFO ] 2021-05-17T20:57:57,335Z [main] liquibase.info - master.changelog.json: migration/node-services.changelog-init.xml::1511451595465-33::R3.Corda: Primary key added to node_contract_upgrades (state_ref)
[INFO ] 2021-05-17T20:57:57,335Z [main] liquibase.info - master.changelog.json: migration/node-services.changelog-init.xml::1511451595465-33::R3.Corda: ChangeSet migration/node-services.changelog-init.xml::1511451595465-33::R3.Corda ran successfully in 3ms
[INFO ] 2021-05-17T20:57:57,340Z [main] liquibase.info - master.changelog.json: migration/node-services.changelog-init.xml::1511451595465-34::R3.Corda: Primary key added to node_identities (pk_hash)
[INFO ] 2021-05-17T20:57:57,341Z [main] liquibase.info - master.changelog.json: migration/node-services.changelog-init.xml::1511451595465-34::R3.Corda: ChangeSet migration/node-services.changelog-init.xml::1511451595465-34::R3.Corda ran successfully in 3ms
[INFO ] 2021-05-17T20:57:57,349Z [main] liquibase.info - master.changelog.json: migration/node-services.changelog-init.xml::1511451595465-38::R3.Corda: Primary key added to node_message_ids (message_id)
[INFO ] 2021-05-17T20:57:57,349Z [main] liquibase.info - master.changelog.json: migration/node-services.changelog-init.xml::1511451595465-38::R3.Corda: ChangeSet migration/node-services.changelog-init.xml::1511451595465-38::R3.Corda ran successfully in 5ms
[INFO ] 2021-05-17T20:57:57,358Z [main] liquibase.info - master.changelog.json: migration/node-services.changelog-init.xml::1511451595465-39::R3.Corda: Primary key added to node_message_retry (message_id)
[INFO ] 2021-05-17T20:57:57,358Z [main] liquibase.info - master.changelog.json: migration/node-services.changelog-init.xml::1511451595465-39::R3.Corda: ChangeSet migration/node-services.changelog-init.xml::1511451595465-39::R3.Corda ran successfully in 3ms
[INFO ] 2021-05-17T20:57:57,437Z [main] liquibase.info - master.changelog.json: migration/node-services.changelog-init.xml::1511451595465-40::R3.Corda: Primary key added to node_named_identities (name)
[INFO ] 2021-05-17T20:57:57,438Z [main] liquibase.info - master.changelog.json: migration/node-services.changelog-init.xml::1511451595465-40::R3.Corda: ChangeSet migration/node-services.changelog-init.xml::1511451595465-40::R3.Corda ran successfully in 76ms
[INFO ] 2021-05-17T20:57:57,447Z [main] liquibase.info - master.changelog.json: migration/node-services.changelog-init.xml::1511451595465-42::R3.Corda: Primary key added to node_our_key_pairs (public_key_hash)
[INFO ] 2021-05-17T20:57:57,447Z [main] liquibase.info - master.changelog.json: migration/node-services.changelog-init.xml::1511451595465-42::R3.Corda: ChangeSet migration/node-services.changelog-init.xml::1511451595465-42::R3.Corda ran successfully in 3ms
[INFO ] 2021-05-17T20:57:57,458Z [main] liquibase.info - master.changelog.json: migration/node-services.changelog-init.xml::1511451595465-44::R3.Corda: Primary key added to node_scheduled_states (output_index, transaction_id)
[INFO ] 2021-05-17T20:57:57,458Z [main] liquibase.info - master.changelog.json: migration/node-services.changelog-init.xml::1511451595465-44::R3.Corda: ChangeSet migration/node-services.changelog-init.xml::1511451595465-44::R3.Corda ran successfully in 6ms
[INFO ] 2021-05-17T20:57:57,470Z [main] liquibase.info - master.changelog.json: migration/node-services.changelog-init.xml::1511451595465-45::R3.Corda: Primary key added to node_transaction_mappings (tx_id)
[INFO ] 2021-05-17T20:57:57,470Z [main] liquibase.info - master.changelog.json: migration/node-services.changelog-init.xml::1511451595465-45::R3.Corda: ChangeSet migration/node-services.changelog-init.xml::1511451595465-45::R3.Corda ran successfully in 9ms
[INFO ] 2021-05-17T20:57:57,478Z [main] liquibase.info - master.changelog.json: migration/node-services.changelog-init.xml::1511451595465-46::R3.Corda: Primary key added to node_transactions (tx_id)
[INFO ] 2021-05-17T20:57:57,479Z [main] liquibase.info - master.changelog.json: migration/node-services.changelog-init.xml::1511451595465-46::R3.Corda: ChangeSet migration/node-services.changelog-init.xml::1511451595465-46::R3.Corda ran successfully in 6ms
[INFO ] 2021-05-17T20:57:57,488Z [main] liquibase.info - master.changelog.json: migration/node-services.changelog-init.xml::1511451595465-61::R3.Corda: Foreign key constraint added to node_link_nodeinfo_party (party_name)
[INFO ] 2021-05-17T20:57:57,570Z [main] liquibase.info - master.changelog.json: migration/node-services.changelog-init.xml::1511451595465-61::R3.Corda: ChangeSet migration/node-services.changelog-init.xml::1511451595465-61::R3.Corda ran successfully in 20ms
[INFO ] 2021-05-17T20:57:57,604Z [main] liquibase.info - master.changelog.json: migration/node-services.changelog-init.xml::add index att_id::R3.Corda: Index att_id_idx created
[INFO ] 2021-05-17T20:57:57,605Z [main] liquibase.info - master.changelog.json: migration/node-services.changelog-init.xml::add index att_id::R3.Corda: ChangeSet migration/node-services.changelog-init.xml::add index att_id::R3.Corda ran successfully in 3ms
[INFO ] 2021-05-17T20:57:57,612Z [main] liquibase.info - master.changelog.json: migration/node-services.changelog-init.xml::add_contract_attachment::R3.Corda: Table node_attchments_contracts created
[INFO ] 2021-05-17T20:57:57,913Z [main] liquibase.info - master.changelog.json: migration/node-services.changelog-init.xml::add_contract_attachment::R3.Corda: Foreign key constraint added to node_attchments_contracts (att_id)
[INFO ] 2021-05-17T20:57:57,918Z [main] liquibase.info - master.changelog.json: migration/node-services.changelog-init.xml::add_contract_attachment::R3.Corda: Data deleted from node_attachments
[INFO ] 2021-05-17T20:57:57,918Z [main] liquibase.info - master.changelog.json: migration/node-services.changelog-init.xml::add_contract_attachment::R3.Corda: ChangeSet migration/node-services.changelog-init.xml::add_contract_attachment::R3.Corda ran successfully in 309ms
[INFO ] 2021-05-17T20:57:57,962Z [main] liquibase.info - master.changelog.json: migration/node-services.changelog-init.xml::add_dedup_columns::R3.Corda: Columns sender(NVARCHAR(64)),sequence_number(BIGINT) added to node_message_ids
[INFO ] 2021-05-17T20:57:57,963Z [main] liquibase.info - master.changelog.json: migration/node-services.changelog-init.xml::add_dedup_columns::R3.Corda: ChangeSet migration/node-services.changelog-init.xml::add_dedup_columns::R3.Corda ran successfully in 40ms
[INFO ] 2021-05-17T20:57:57,969Z [main] liquibase.info - master.changelog.json: migration/node-core.changelog-v4.xml::attchments_rename::R3.Corda: Table node_attchments_contracts renamed to node_attachments_contracts
[INFO ] 2021-05-17T20:57:57,969Z [main] liquibase.info - master.changelog.json: migration/node-core.changelog-v4.xml::attchments_rename::R3.Corda: ChangeSet migration/node-core.changelog-v4.xml::attchments_rename::R3.Corda ran successfully in 3ms
[INFO ] 2021-05-17T20:57:57,979Z [main] liquibase.info - master.changelog.json: migration/node-core.changelog-v4.xml::nullability::R3.Corda: Null constraint has been added to node_identities.identity_value
[INFO ] 2021-05-17T20:57:57,981Z [main] liquibase.info - master.changelog.json: migration/node-core.changelog-v4.xml::nullability::R3.Corda: Null constraint has been added to node_attachments.content
[INFO ] 2021-05-17T20:57:57,984Z [main] liquibase.info - master.changelog.json: migration/node-core.changelog-v4.xml::nullability::R3.Corda: Null constraint has been added to node_attachments_contracts.contract_class_name
[INFO ] 2021-05-17T20:57:57,986Z [main] liquibase.info - master.changelog.json: migration/node-core.changelog-v4.xml::nullability::R3.Corda: Null constraint has been added to node_checkpoints.checkpoint_value
[INFO ] 2021-05-17T20:57:57,988Z [main] liquibase.info - master.changelog.json: migration/node-core.changelog-v4.xml::nullability::R3.Corda: Null constraint has been added to node_contract_upgrades.contract_class_name
[INFO ] 2021-05-17T20:57:57,991Z [main] liquibase.info - master.changelog.json: migration/node-core.changelog-v4.xml::nullability::R3.Corda: Null constraint has been added to node_message_ids.insertion_time
[INFO ] 2021-05-17T20:57:57,996Z [main] liquibase.info - master.changelog.json: migration/node-core.changelog-v4.xml::nullability::R3.Corda: Null constraint has been added to node_message_retry.message
[INFO ] 2021-05-17T20:57:57,998Z [main] liquibase.info - master.changelog.json: migration/node-core.changelog-v4.xml::nullability::R3.Corda: Null constraint has been added to node_message_retry.recipients
[INFO ] 2021-05-17T20:57:58,000Z [main] liquibase.info - master.changelog.json: migration/node-core.changelog-v4.xml::nullability::R3.Corda: Null constraint has been added to node_named_identities.pk_hash
[INFO ] 2021-05-17T20:57:58,002Z [main] liquibase.info - master.changelog.json: migration/node-core.changelog-v4.xml::nullability::R3.Corda: Null constraint has been added to node_our_key_pairs.private_key
[INFO ] 2021-05-17T20:57:58,004Z [main] liquibase.info - master.changelog.json: migration/node-core.changelog-v4.xml::nullability::R3.Corda: Null constraint has been added to node_our_key_pairs.public_key
[INFO ] 2021-05-17T20:57:58,005Z [main] liquibase.info - master.changelog.json: migration/node-core.changelog-v4.xml::nullability::R3.Corda: Null constraint has been added to node_transaction_mappings.state_machine_run_id
[INFO ] 2021-05-17T20:57:58,007Z [main] liquibase.info - master.changelog.json: migration/node-core.changelog-v4.xml::nullability::R3.Corda: Null constraint has been added to node_transactions.transaction_value
[INFO ] 2021-05-17T20:57:58,007Z [main] liquibase.info - master.changelog.json: migration/node-core.changelog-v4.xml::nullability::R3.Corda: ChangeSet migration/node-core.changelog-v4.xml::nullability::R3.Corda ran successfully in 31ms
[INFO ] 2021-05-17T20:57:58,014Z [main] liquibase.info - master.changelog.json: migration/node-core.changelog-v5.xml::remove_unused_node_message_retry::R3.Corda: Table node_message_retry dropped
[INFO ] 2021-05-17T20:57:58,018Z [main] liquibase.info - master.changelog.json: migration/node-core.changelog-v5.xml::remove_unused_node_message_retry::R3.Corda: ChangeSet migration/node-core.changelog-v5.xml::remove_unused_node_message_retry::R3.Corda ran successfully in 3ms
[INFO ] 2021-05-17T20:57:58,485Z [main] liquibase.info - master.changelog.json: migration/node-core.changelog-v8.xml::conditional_attchments_rename::R3.Corda: Marking ChangeSet: migration/node-core.changelog-v8.xml::conditional_attchments_rename::R3.Corda ran despite precondition failure due to onFail='MARK_RAN': 
          master.changelog.json : Table PUBLIC.NODE_ATTCHMENTS_CONTRACTS does not exist

[INFO ] 2021-05-17T20:57:58,841Z [main] liquibase.info - master.changelog.json: migration/node-core.changelog-v8.xml::conditional_attchments_contracts::R3.Corda: Marking ChangeSet: migration/node-core.changelog-v8.xml::conditional_attchments_contracts::R3.Corda ran despite precondition failure due to onFail='MARK_RAN': 
          master.changelog.json : Table PUBLIC.NODE_ATTACHMENTS_CONTRACT_CLASS_NAME does not exist

[INFO ] 2021-05-17T20:57:58,860Z [main] liquibase.info - master.changelog.json: migration/node-core.changelog-v8.xml::add_signers::R3.Corda: Table node_attachments_signers created
[INFO ] 2021-05-17T20:57:58,882Z [main] liquibase.info - master.changelog.json: migration/node-core.changelog-v8.xml::add_signers::R3.Corda: Foreign key constraint added to node_attachments_signers (att_id)
[INFO ] 2021-05-17T20:57:58,883Z [main] liquibase.info - master.changelog.json: migration/node-core.changelog-v8.xml::add_signers::R3.Corda: ChangeSet migration/node-core.changelog-v8.xml::add_signers::R3.Corda ran successfully in 36ms
[INFO ] 2021-05-17T20:57:58,914Z [main] liquibase.info - master.changelog.json: migration/node-core.changelog-tx-mapping.xml::add_tx_mapping_column::R3.Corda: Columns state_machine_run_id(NVARCHAR(36)) added to node_transactions
[INFO ] 2021-05-17T20:57:58,921Z [main] liquibase.info - master.changelog.json: migration/node-core.changelog-tx-mapping.xml::add_tx_mapping_column::R3.Corda: Custom SQL executed
[INFO ] 2021-05-17T20:57:58,925Z [main] liquibase.info - master.changelog.json: migration/node-core.changelog-tx-mapping.xml::add_tx_mapping_column::R3.Corda: Table node_transaction_mappings dropped
[INFO ] 2021-05-17T20:57:58,926Z [main] liquibase.info - master.changelog.json: migration/node-core.changelog-tx-mapping.xml::add_tx_mapping_column::R3.Corda: ChangeSet migration/node-core.changelog-tx-mapping.xml::add_tx_mapping_column::R3.Corda ran successfully in 38ms
[INFO ] 2021-05-17T20:57:58,936Z [main] liquibase.info - master.changelog.json: migration/node-services.changelog-init.xml::add_network_parameters_storage::R3.Corda: Table node_network_parameters created
[INFO ] 2021-05-17T20:57:58,938Z [main] liquibase.info - master.changelog.json: migration/node-services.changelog-init.xml::add_network_parameters_storage::R3.Corda: ChangeSet migration/node-services.changelog-init.xml::add_network_parameters_storage::R3.Corda ran successfully in 6ms
[INFO ] 2021-05-17T20:57:58,945Z [main] liquibase.info - master.changelog.json: migration/node-services.changelog-init.xml::network_parameters_pk::R3.Corda: Primary key added to node_network_parameters (hash)
[INFO ] 2021-05-17T20:57:58,947Z [main] liquibase.info - master.changelog.json: migration/node-services.changelog-init.xml::network_parameters_pk::R3.Corda: ChangeSet migration/node-services.changelog-init.xml::network_parameters_pk::R3.Corda ran successfully in 3ms
[INFO ] 2021-05-17T20:57:59,024Z [main] liquibase.info - master.changelog.json: migration/node-services.changelog-init.xml::add_version_column::R3.Corda: Columns version(INT) added to node_attachments
[INFO ] 2021-05-17T20:57:59,028Z [main] liquibase.info - master.changelog.json: migration/node-services.changelog-init.xml::add_version_column::R3.Corda: Custom SQL executed
[INFO ] 2021-05-17T20:57:59,029Z [main] liquibase.info - master.changelog.json: migration/node-services.changelog-init.xml::add_version_column::R3.Corda: Null constraint has been added to node_attachments.version
[INFO ] 2021-05-17T20:57:59,030Z [main] liquibase.info - master.changelog.json: migration/node-services.changelog-init.xml::add_version_column::R3.Corda: ChangeSet migration/node-services.changelog-init.xml::add_version_column::R3.Corda ran successfully in 77ms
[INFO ] 2021-05-17T20:57:59,039Z [main] persistence.AttachmentVersionNumberMigration.execute - Start executing...
[INFO ] 2021-05-17T20:57:59,042Z [main] persistence.AttachmentVersionNumberMigration.execute - Attachment version creation from whitelisted JARs skipped, network parameters not found in C:\Dev\projects\blockchain\docchain\build\nodes\PartyB\network-parameters, but there are no available attachments to migrate.
[INFO ] 2021-05-17T20:57:59,042Z [main] liquibase.info - master.changelog.json: migration/node-services.changelog-init.xml::update-version-of-whitelisted-jars::R3.Corda: null
[INFO ] 2021-05-17T20:57:59,043Z [main] liquibase.info - master.changelog.json: migration/node-services.changelog-init.xml::update-version-of-whitelisted-jars::R3.Corda: ChangeSet migration/node-services.changelog-init.xml::update-version-of-whitelisted-jars::R3.Corda ran successfully in 4ms
[INFO ] 2021-05-17T20:57:59,048Z [main] migration.VaultStateMigration.execute - Migrating vault state data to V4 tables
[INFO ] 2021-05-17T20:57:59,265Z [main] migration.MigrationServicesForResolution.getNetworkParametersFromFile - Couldn't find network parameters file: C:\Dev\projects\blockchain\docchain\build\nodes\PartyB\network-parameters. This is expected if the node is starting for the first time.
[INFO ] 2021-05-17T20:57:59,451Z [main] persistence.HibernateConfiguration.<init> - Init HibernateConfiguration for schemas: [VaultMigrationSchemaV1(name=net.corda.node.migration.VaultMigrationSchema, version=1), VaultSchemaV1(name=net.corda.node.services.vault.VaultSchema, version=1)]
[INFO ] 2021-05-17T20:57:59,512Z [main] persistence.HibernateConfiguration.makeSessionFactoryForSchemas - Creating session factory for schemas: [VaultMigrationSchemaV1(name=net.corda.node.migration.VaultMigrationSchema, version=1), VaultSchemaV1(name=net.corda.node.services.vault.VaultSchema, version=1)]
[INFO ] 2021-05-17T20:58:11,188Z [main] persistence.HibernateConfiguration.makeSessionFactoryForSchemas - Created session factory for schemas: [VaultMigrationSchemaV1(name=net.corda.node.migration.VaultMigrationSchema, version=1), VaultSchemaV1(name=net.corda.node.services.vault.VaultSchema, version=1)]
[INFO ] 2021-05-17T20:58:13,730Z [main] migration.MigrationServicesForResolution.getNetworkParametersFromFile - Couldn't find network parameters file: C:\Dev\projects\blockchain\docchain\build\nodes\PartyB\network-parameters. This is expected if the node is starting for the first time.
[WARN ] 2021-05-17T20:58:13,731Z [main] migration.MigrationServicesForResolution.defaultNetworkParameters - Using a dummy set of network parameters for migration.
[INFO ] 2021-05-17T20:58:14,244Z [main] migration.VaultStateMigration.execute - Finished performing vault state data migration for 0 states
[INFO ] 2021-05-17T20:58:14,248Z [main] liquibase.info - master.changelog.json: migration/vault-schema.changelog-v9.xml::update-vault-states::R3.Corda: null
[INFO ] 2021-05-17T20:58:14,248Z [main] liquibase.info - master.changelog.json: migration/vault-schema.changelog-v9.xml::update-vault-states::R3.Corda: ChangeSet migration/vault-schema.changelog-v9.xml::update-vault-states::R3.Corda ran successfully in 15201ms
[INFO ] 2021-05-17T20:58:14,342Z [main] liquibase.info - Successfully released change log lock
[INFO ] 2021-05-17T20:58:14,356Z [main] internal.Node.invoke - Connected to H2 database.
[INFO ] 2021-05-17T20:58:14,421Z [main] persistence.HibernateConfiguration.<init> - Init HibernateConfiguration for schemas: [CommonSchemaV1(name=net.corda.core.schemas.CommonSchema, version=1), VaultSchemaV1(name=net.corda.node.services.vault.VaultSchema, version=1), NodeInfoSchemaV1(name=net.corda.node.internal.schemas.NodeInfoSchema, version=1), NodeCoreV1(name=net.corda.node.services.schema.NodeSchemaService$NodeCore, version=1)]
[INFO ] 2021-05-17T20:58:14,421Z [main] persistence.HibernateConfiguration.makeSessionFactoryForSchemas - Creating session factory for schemas: [CommonSchemaV1(name=net.corda.core.schemas.CommonSchema, version=1), VaultSchemaV1(name=net.corda.node.services.vault.VaultSchema, version=1), NodeInfoSchemaV1(name=net.corda.node.internal.schemas.NodeInfoSchema, version=1), NodeCoreV1(name=net.corda.node.services.schema.NodeSchemaService$NodeCore, version=1)]
[INFO ] 2021-05-17T20:58:16,781Z [main] persistence.HibernateConfiguration.makeSessionFactoryForSchemas - Created session factory for schemas: [CommonSchemaV1(name=net.corda.core.schemas.CommonSchema, version=1), VaultSchemaV1(name=net.corda.node.services.vault.VaultSchema, version=1), NodeInfoSchemaV1(name=net.corda.node.internal.schemas.NodeInfoSchema, version=1), NodeCoreV1(name=net.corda.node.services.schema.NodeSchemaService$NodeCore, version=1)]
[INFO ] 2021-05-17T20:58:17,040Z [main] internal.Node.updateNodeInfo - Node-info has changed so submitting update. Old node-info was null
[INFO ] 2021-05-17T20:58:17,041Z [main] network.PersistentNetworkMapCache.addNode - Adding node with info: NodeInfo(addresses=[127.0.0.1:10008], legalIdentitiesAndCerts=[CN=PartyB, O=PartyB, L=Boston, C=US], platformVersion=4, serial=1621285097040)
[INFO ] 2021-05-17T20:58:17,071Z [main] network.PersistentNetworkMapCache.addNode - No previous node found
[INFO ] 2021-05-17T20:58:22,964Z [main] internal.Node.updateNodeInfo - New node-info: NodeInfo(addresses=[127.0.0.1:10008], legalIdentitiesAndCerts=[CN=PartyB, O=PartyB, L=Boston, C=US], platformVersion=4, serial=1621285097040)
[INFO ] 2021-05-17T20:58:23,341Z [main] pool.HikariPool.shutdown - HikariPool-1 - Close initiated...
[INFO ] 2021-05-17T20:58:23,366Z [main] pool.HikariPool.shutdown - HikariPool-1 - Closed.
