<<<<<<< HEAD
2021-05-17 17:57:22,007 main WARN Unable to instantiate org.fusesource.jansi.WindowsAnsiOutputStream
2021-05-17 17:57:22,014 main WARN Unable to instantiate org.fusesource.jansi.WindowsAnsiOutputStream

   ______               __
  / ____/     _________/ /___ _
 / /     __  / ___/ __  / __ `/         Where do cryptographers go for
/ /___  /_/ / /  / /_/ / /_/ /          entertainment? The security theatre.
=======
2021-05-17 17:53:19,826 main WARN Unable to instantiate org.fusesource.jansi.WindowsAnsiOutputStream
2021-05-17 17:53:19,829 main WARN Unable to instantiate org.fusesource.jansi.WindowsAnsiOutputStream

   ______               __
  / ____/     _________/ /___ _
 / /     __  / ___/ __  / __ `/         If at first you don't succeed, destroy
/ /___  /_/ / /  / /_/ / /_/ /          all the evidence that you tried.
>>>>>>> 7737d78b9415523f95c6bc999abc1fddc9e28ce9
\____/     /_/   \__,_/\__,_/

--- Corda Open Source 4.1 (c11f6c1) -------------------------------------------------------------


<<<<<<< HEAD
Logs can be found in                    : C:\Dev\projects\blockchain\docchain\build\nodes\PartyB\logs
=======
Logs can be found in                    : C:\Users\joes\Develop\docchain\build\nodes\PartyB\logs
>>>>>>> 7737d78b9415523f95c6bc999abc1fddc9e28ce9
